[ 2020-03-23T10:50:51+08:00 ] 127.0.0.1 /nc.php
INFO: [ app_init ] --START--
INFO: Run Behavior\BuildLiteBehavior [ RunTime:0.000000s ]
INFO: [ app_init ] --END-- [ RunTime:0.000000s ]
INFO: [ app_begin ] --START--
INFO: Run Behavior\ReadHtmlCacheBehavior [ RunTime:0.002000s ]
INFO: Run Common\Behavior\CheckLangBehavior [ RunTime:0.003000s ]
NOTIC: [8] Constant LANG_SET already defined F:\web\ymm\ThinkPHP\Library\Behavior\CheckLangBehavior.class.php 第 55 行.
INFO: Run Behavior\CheckLangBehavior [ RunTime:0.028002s ]
INFO: [ app_begin ] --END-- [ RunTime:0.033002s ]

[ 2020-03-23T10:50:52+08:00 ] 127.0.0.1 /nc.php?s=/Public/login.html
INFO: [ app_init ] --START--
INFO: Run Behavior\BuildLiteBehavior [ RunTime:0.000000s ]
INFO: [ app_init ] --END-- [ RunTime:0.000000s ]
INFO: [ app_begin ] --START--
INFO: Run Behavior\ReadHtmlCacheBehavior [ RunTime:0.000000s ]
INFO: Run Common\Behavior\CheckLangBehavior [ RunTime:0.001000s ]
NOTIC: [8] Constant LANG_SET already defined F:\web\ymm\ThinkPHP\Library\Behavior\CheckLangBehavior.class.php 第 55 行.
INFO: Run Behavior\CheckLangBehavior [ RunTime:0.002000s ]
INFO: [ app_begin ] --END-- [ RunTime:0.004000s ]
INFO: [ view_parse ] --START--
INFO: [ template_filter ] --START--
INFO: Run Behavior\ContentReplaceBehavior [ RunTime:0.000000s ]
INFO: [ template_filter ] --END-- [ RunTime:0.000000s ]
INFO: Run Behavior\ParseTemplateBehavior [ RunTime:0.067004s ]
INFO: [ view_parse ] --END-- [ RunTime:0.067004s ]
INFO: [ view_filter ] --START--
INFO: Run Behavior\WriteHtmlCacheBehavior [ RunTime:0.001000s ]
INFO: [ view_filter ] --END-- [ RunTime:0.001000s ]
INFO: [ app_end ] --START--
INFO: Run Behavior\ShowPageTraceBehavior [ RunTime:0.000000s ]
INFO: [ app_end ] --END-- [ RunTime:0.001000s ]

[ 2020-03-23T10:50:56+08:00 ] 127.0.0.1 /nc.php?s=/Public/login.html
INFO: [ app_init ] --START--
INFO: Run Behavior\BuildLiteBehavior [ RunTime:0.000000s ]
INFO: [ app_init ] --END-- [ RunTime:0.000000s ]
INFO: [ app_begin ] --START--
INFO: Run Behavior\ReadHtmlCacheBehavior [ RunTime:0.000000s ]
INFO: Run Common\Behavior\CheckLangBehavior [ RunTime:0.002000s ]
NOTIC: [8] Constant LANG_SET already defined F:\web\ymm\ThinkPHP\Library\Behavior\CheckLangBehavior.class.php 第 55 行.
INFO: Run Behavior\CheckLangBehavior [ RunTime:0.003000s ]
INFO: [ app_begin ] --END-- [ RunTime:0.005000s ]
SQL: SHOW COLUMNS FROM `nc_admin` [ RunTime:0.0490s ]
SQL: SELECT * FROM `nc_admin` WHERE `a_uname` = 'admin' LIMIT 1   [ RunTime:0.0010s ]
SQL: SHOW COLUMNS FROM `nc_admin` [ RunTime:0.0150s ]
SQL: UPDATE `nc_admin` SET `a_last_login_time`='1584931856',`a_login_count`=a_login_count+1,`a_last_login_ip`='127.0.0.1' WHERE `a_id` = 1 [ RunTime:0.0000s ]
SQL: SHOW COLUMNS FROM `ysk_user_action` [ RunTime:0.0480s ]
SQL: INSERT INTO `ysk_user_action` (`type`,`user_id`,`uname`,`add_time`,`info`) VALUES ('后台系统用户','1','admin','2020-03-23 10:50:56','登录了后台系统') [ RunTime:0.0010s ]

[ 2020-03-23T10:50:57+08:00 ] 127.0.0.1 /nc.php?s=/Index/index.html
INFO: [ app_init ] --START--
INFO: Run Behavior\BuildLiteBehavior [ RunTime:0.000000s ]
INFO: [ app_init ] --END-- [ RunTime:0.000000s ]
INFO: [ app_begin ] --START--
INFO: Run Behavior\ReadHtmlCacheBehavior [ RunTime:0.001000s ]
INFO: Run Common\Behavior\CheckLangBehavior [ RunTime:0.003000s ]
NOTIC: [8] Constant LANG_SET already defined F:\web\ymm\ThinkPHP\Library\Behavior\CheckLangBehavior.class.php 第 55 行.
INFO: Run Behavior\CheckLangBehavior [ RunTime:0.002000s ]
INFO: [ app_begin ] --END-- [ RunTime:0.006000s ]
SQL: SHOW COLUMNS FROM `ysk_order` [ RunTime:0.0160s ]
SQL: SELECT `order_id` FROM `ysk_order` WHERE ( deadline <=1584931856 AND status = 2 )  [ RunTime:0.0000s ]
SQL: UPDATE `ysk_order` SET `status`='3' WHERE `order_id` = 583 [ RunTime:0.0000s ]
SQL: SELECT * FROM `ysk_order` WHERE `order_id` = 583 LIMIT 1   [ RunTime:0.0010s ]
SQL: SHOW COLUMNS FROM `ysk_gerenshangpu` [ RunTime:0.0160s ]
SQL: SELECT `cangku_ratio` FROM ysk_gerenshangpu gr INNER JOIN ysk_product_cate pc ON gr.shop_cate=pc.id  WHERE gr.userid = '8748' LIMIT 1   [ RunTime:0.0000s ]
SQL: SHOW COLUMNS FROM `ysk_store` [ RunTime:0.0150s ]
SQL: UPDATE `ysk_store` SET `cangku_num`=cangku_num+50 WHERE `uid` = 1 [ RunTime:0.0010s ]
SQL: UPDATE `ysk_store` SET `cangku_num`=cangku_num+0 WHERE `uid` = 8748 [ RunTime:0.0000s ]
SQL: SELECT `cangku_num` FROM `ysk_store` WHERE `uid` = 8748 LIMIT 1   [ RunTime:0.0000s ]
SQL: SHOW COLUMNS FROM `ysk_tranmoney` [ RunTime:0.0170s ]
SQL: INSERT INTO `ysk_tranmoney` (`pay_id`,`get_id`,`get_nums`,`get_type`,`now_nums`,`now_nums_get`) VALUES ('0','8748','0','36','1026.01','1026.01') [ RunTime:0.0000s ]
SQL: SHOW COLUMNS FROM `ysk_order_detail` [ RunTime:0.0150s ]
SQL: SELECT `com_id`,`com_num` FROM `ysk_order_detail` WHERE `order_id` = 583  [ RunTime:0.0000s ]
NOTIC: [8] Undefined index: set_meal F:\web\ymm\shop\SAdmin\Controller\CommonController.class.php 第 109 行.
SQL: UPDATE `ysk_order` SET `status`='2' WHERE `order_id` = 583 [ RunTime:0.0010s ]
SQL: UPDATE `ysk_order` SET `status`='3' WHERE `order_id` = 590 [ RunTime:0.0000s ]
SQL: SELECT * FROM `ysk_order` WHERE `order_id` = 590 LIMIT 1   [ RunTime:0.0010s ]
SQL: SELECT `cangku_ratio` FROM ysk_gerenshangpu gr INNER JOIN ysk_product_cate pc ON gr.shop_cate=pc.id  WHERE gr.userid = '8748' LIMIT 1   [ RunTime:0.0000s ]
SQL: UPDATE `ysk_store` SET `cangku_num`=cangku_num+80 WHERE `uid` = 1 [ RunTime:0.0000s ]
SQL: UPDATE `ysk_store` SET `cangku_num`=cangku_num+0 WHERE `uid` = 8748 [ RunTime:0.0010s ]
SQL: SELECT `cangku_num` FROM `ysk_store` WHERE `uid` = 8748 LIMIT 1   [ RunTime:0.0000s ]
SQL: INSERT INTO `ysk_tranmoney` (`pay_id`,`get_id`,`get_nums`,`get_type`,`now_nums`,`now_nums_get`) VALUES ('0','8748','0','36','1026.01','1026.01') [ RunTime:0.0000s ]
SQL: SELECT `com_id`,`com_num` FROM `ysk_order_detail` WHERE `order_id` = 590  [ RunTime:0.0000s ]
NOTIC: [8] Undefined index: set_meal F:\web\ymm\shop\SAdmin\Controller\CommonController.class.php 第 109 行.
SQL: UPDATE `ysk_order` SET `status`='2' WHERE `order_id` = 590 [ RunTime:0.0010s ]
SQL: UPDATE `ysk_order` SET `status`='3' WHERE `order_id` = 592 [ RunTime:0.0000s ]
SQL: SELECT * FROM `ysk_order` WHERE `order_id` = 592 LIMIT 1   [ RunTime:0.0000s ]
SQL: SELECT `cangku_ratio` FROM ysk_gerenshangpu gr INNER JOIN ysk_product_cate pc ON gr.shop_cate=pc.id  WHERE gr.userid = '8748' LIMIT 1   [ RunTime:0.0010s ]
SQL: UPDATE `ysk_store` SET `cangku_num`=cangku_num+20 WHERE `uid` = 1 [ RunTime:0.0000s ]
SQL: UPDATE `ysk_store` SET `cangku_num`=cangku_num+0 WHERE `uid` = 8748 [ RunTime:0.0000s ]
SQL: SELECT `cangku_num` FROM `ysk_store` WHERE `uid` = 8748 LIMIT 1   [ RunTime:0.0010s ]
SQL: INSERT INTO `ysk_tranmoney` (`pay_id`,`get_id`,`get_nums`,`get_type`,`now_nums`,`now_nums_get`) VALUES ('0','8748','0','36','1026.01','1026.01') [ RunTime:0.0000s ]
SQL: SELECT `com_id`,`com_num` FROM `ysk_order_detail` WHERE `order_id` = 592  [ RunTime:0.0010s ]
NOTIC: [8] Undefined index: set_meal F:\web\ymm\shop\SAdmin\Controller\CommonController.class.php 第 109 行.
SQL: UPDATE `ysk_order` SET `status`='2' WHERE `order_id` = 592 [ RunTime:0.0000s ]
SQL: UPDATE `ysk_order` SET `status`='3' WHERE `order_id` = 593 [ RunTime:0.0010s ]
SQL: SELECT * FROM `ysk_order` WHERE `order_id` = 593 LIMIT 1   [ RunTime:0.0010s ]
SQL: SELECT `cangku_ratio` FROM ysk_gerenshangpu gr INNER JOIN ysk_product_cate pc ON gr.shop_cate=pc.id  WHERE gr.userid = '8748' LIMIT 1   [ RunTime:0.0000s ]
SQL: UPDATE `ysk_store` SET `cangku_num`=cangku_num+50 WHERE `uid` = 1 [ RunTime:0.0010s ]
SQL: UPDATE `ysk_store` SET `cangku_num`=cangku_num+0 WHERE `uid` = 8748 [ RunTime:0.0000s ]
SQL: SELECT `cangku_num` FROM `ysk_store` WHERE `uid` = 8748 LIMIT 1   [ RunTime:0.0000s ]
SQL: INSERT INTO `ysk_tranmoney` (`pay_id`,`get_id`,`get_nums`,`get_type`,`now_nums`,`now_nums_get`) VALUES ('0','8748','0','36','1026.01','1026.01') [ RunTime:0.0010s ]
SQL: SELECT `com_id`,`com_num` FROM `ysk_order_detail` WHERE `order_id` = 593  [ RunTime:0.0000s ]
NOTIC: [8] Undefined index: set_meal F:\web\ymm\shop\SAdmin\Controller\CommonController.class.php 第 109 行.
SQL: UPDATE `ysk_order` SET `status`='2' WHERE `order_id` = 593 [ RunTime:0.0000s ]
SQL: UPDATE `ysk_order` SET `status`='3' WHERE `order_id` = 654 [ RunTime:0.0000s ]
SQL: SELECT * FROM `ysk_order` WHERE `order_id` = 654 LIMIT 1   [ RunTime:0.0010s ]
SQL: SELECT `cangku_ratio` FROM ysk_gerenshangpu gr INNER JOIN ysk_product_cate pc ON gr.shop_cate=pc.id  WHERE gr.userid = '9183' LIMIT 1   [ RunTime:0.0000s ]
SQL: UPDATE `ysk_store` SET `cangku_num`=cangku_num+350 WHERE `uid` = 1 [ RunTime:0.0010s ]
SQL: UPDATE `ysk_store` SET `cangku_num`=cangku_num+0 WHERE `uid` = 9183 [ RunTime:0.0000s ]
SQL: SELECT `cangku_num` FROM `ysk_store` WHERE `uid` = 9183 LIMIT 1   [ RunTime:0.0000s ]
SQL: INSERT INTO `ysk_tranmoney` (`pay_id`,`get_id`,`get_nums`,`get_type`,`now_nums`,`now_nums_get`) VALUES ('0','9183','0','36','2410.50','2410.50') [ RunTime:0.0010s ]
SQL: SELECT `com_id`,`com_num` FROM `ysk_order_detail` WHERE `order_id` = 654  [ RunTime:0.0000s ]
NOTIC: [8] Undefined index: set_meal F:\web\ymm\shop\SAdmin\Controller\CommonController.class.php 第 109 行.
SQL: UPDATE `ysk_order` SET `status`='2' WHERE `order_id` = 654 [ RunTime:0.0000s ]
SQL: SELECT COUNT(1) AS tp_count FROM `ysk_order` WHERE `time` BETWEEN null AND null AND `status` = 1 LIMIT 1   [ RunTime:0.0010s ]
SQL: SHOW COLUMNS FROM `ysk_member` [ RunTime:0.0380s ]
SQL: SELECT COUNT(1) AS tp_count FROM `ysk_member` WHERE `create_time` BETWEEN null AND null LIMIT 1   [ RunTime:0.0000s ]
INFO: [ view_parse ] --START--
INFO: [ template_filter ] --START--
INFO: Run Behavior\ContentReplaceBehavior [ RunTime:0.001000s ]
INFO: [ template_filter ] --END-- [ RunTime:0.001000s ]
SQL: SHOW COLUMNS FROM `nc_menu` [ RunTime:0.0160s ]
SQL: SELECT * FROM `nc_menu` ORDER BY sort_order  [ RunTime:0.0010s ]
INFO: [ view_parse ] --START--
INFO: [ template_filter ] --START--
INFO: Run Behavior\ContentReplaceBehavior [ RunTime:0.000000s ]
INFO: [ template_filter ] --END-- [ RunTime:-0.028002s ]
INFO: Run Behavior\ParseTemplateBehavior [ RunTime:0.007000s ]
INFO: [ view_parse ] --END-- [ RunTime:0.007000s ]
INFO: [ view_filter ] --START--
INFO: Run Behavior\WriteHtmlCacheBehavior [ RunTime:0.000000s ]
INFO: [ view_filter ] --END-- [ RunTime:0.000000s ]
INFO: Run Behavior\ParseTemplateBehavior [ RunTime:0.007000s ]
INFO: [ view_parse ] --END-- [ RunTime:0.007000s ]
INFO: [ view_filter ] --START--
INFO: Run Behavior\WriteHtmlCacheBehavior [ RunTime:0.000000s ]
INFO: [ view_filter ] --END-- [ RunTime:-0.001000s ]
INFO: [ app_end ] --START--
INFO: Run Behavior\ShowPageTraceBehavior [ RunTime:0.001000s ]
INFO: [ app_end ] --END-- [ RunTime:0.002000s ]

[ 2020-03-23T10:51:07+08:00 ] 127.0.0.1 /nc.php?s=/Goods/index
INFO: [ app_init ] --START--
INFO: Run Behavior\BuildLiteBehavior [ RunTime:0.000000s ]
INFO: [ app_init ] --END-- [ RunTime:0.000000s ]
INFO: [ app_begin ] --START--
INFO: Run Behavior\ReadHtmlCacheBehavior [ RunTime:0.001000s ]
INFO: Run Common\Behavior\CheckLangBehavior [ RunTime:0.004000s ]
NOTIC: [8] Constant LANG_SET already defined F:\web\ymm\ThinkPHP\Library\Behavior\CheckLangBehavior.class.php 第 55 行.
INFO: Run Behavior\CheckLangBehavior [ RunTime:0.002000s ]
INFO: [ app_begin ] --END-- [ RunTime:0.007000s ]
SQL: SHOW COLUMNS FROM `ysk_order` [ RunTime:0.0130s ]
SQL: SELECT `order_id` FROM `ysk_order` WHERE ( deadline <=1584931867 AND status = 2 )  [ RunTime:0.0000s ]
SQL: UPDATE `ysk_order` SET `status`='3' WHERE `order_id` = 583 [ RunTime:0.0000s ]
SQL: SELECT * FROM `ysk_order` WHERE `order_id` = 583 LIMIT 1   [ RunTime:0.0010s ]
SQL: SHOW COLUMNS FROM `ysk_gerenshangpu` [ RunTime:0.0130s ]
SQL: SELECT `cangku_ratio` FROM ysk_gerenshangpu gr INNER JOIN ysk_product_cate pc ON gr.shop_cate=pc.id  WHERE gr.userid = '8748' LIMIT 1   [ RunTime:0.0010s ]
SQL: SHOW COLUMNS FROM `ysk_store` [ RunTime:0.0140s ]
SQL: UPDATE `ysk_store` SET `cangku_num`=cangku_num+50 WHERE `uid` = 1 [ RunTime:0.0010s ]
SQL: UPDATE `ysk_store` SET `cangku_num`=cangku_num+0 WHERE `uid` = 8748 [ RunTime:0.0000s ]
SQL: SELECT `cangku_num` FROM `ysk_store` WHERE `uid` = 8748 LIMIT 1   [ RunTime:0.0000s ]
SQL: SHOW COLUMNS FROM `ysk_tranmoney` [ RunTime:0.0130s ]
SQL: INSERT INTO `ysk_tranmoney` (`pay_id`,`get_id`,`get_nums`,`get_type`,`now_nums`,`now_nums_get`) VALUES ('0','8748','0','36','1026.01','1026.01') [ RunTime:0.0010s ]
SQL: SHOW COLUMNS FROM `ysk_order_detail` [ RunTime:0.0150s ]
SQL: SELECT `com_id`,`com_num` FROM `ysk_order_detail` WHERE `order_id` = 583  [ RunTime:0.0000s ]
NOTIC: [8] Undefined index: set_meal F:\web\ymm\shop\SAdmin\Controller\CommonController.class.php 第 109 行.
SQL: UPDATE `ysk_order` SET `status`='2' WHERE `order_id` = 583 [ RunTime:0.0000s ]
SQL: UPDATE `ysk_order` SET `status`='3' WHERE `order_id` = 590 [ RunTime:0.0000s ]
SQL: SELECT * FROM `ysk_order` WHERE `order_id` = 590 LIMIT 1   [ RunTime:0.0010s ]
SQL: SELECT `cangku_ratio` FROM ysk_gerenshangpu gr INNER JOIN ysk_product_cate pc ON gr.shop_cate=pc.id  WHERE gr.userid = '8748' LIMIT 1   [ RunTime:0.0000s ]
SQL: UPDATE `ysk_store` SET `cangku_num`=cangku_num+80 WHERE `uid` = 1 [ RunTime:0.0000s ]
SQL: UPDATE `ysk_store` SET `cangku_num`=cangku_num+0 WHERE `uid` = 8748 [ RunTime:0.0010s ]
SQL: SELECT `cangku_num` FROM `ysk_store` WHERE `uid` = 8748 LIMIT 1   [ RunTime:0.0000s ]
SQL: INSERT INTO `ysk_tranmoney` (`pay_id`,`get_id`,`get_nums`,`get_type`,`now_nums`,`now_nums_get`) VALUES ('0','8748','0','36','1026.01','1026.01') [ RunTime:0.0000s ]
SQL: SELECT `com_id`,`com_num` FROM `ysk_order_detail` WHERE `order_id` = 590  [ RunTime:0.0010s ]
NOTIC: [8] Undefined index: set_meal F:\web\ymm\shop\SAdmin\Controller\CommonController.class.php 第 109 行.
SQL: UPDATE `ysk_order` SET `status`='2' WHERE `order_id` = 590 [ RunTime:0.0000s ]
SQL: UPDATE `ysk_order` SET `status`='3' WHERE `order_id` = 592 [ RunTime:0.0000s ]
SQL: SELECT * FROM `ysk_order` WHERE `order_id` = 592 LIMIT 1   [ RunTime:0.0000s ]
SQL: SELECT `cangku_ratio` FROM ysk_gerenshangpu gr INNER JOIN ysk_product_cate pc ON gr.shop_cate=pc.id  WHERE gr.userid = '8748' LIMIT 1   [ RunTime:0.0000s ]
SQL: UPDATE `ysk_store` SET `cangku_num`=cangku_num+20 WHERE `uid` = 1 [ RunTime:0.0010s ]
SQL: UPDATE `ysk_store` SET `cangku_num`=cangku_num+0 WHERE `uid` = 8748 [ RunTime:0.0000s ]
SQL: SELECT `cangku_num` FROM `ysk_store` WHERE `uid` = 8748 LIMIT 1   [ RunTime:0.0000s ]
SQL: INSERT INTO `ysk_tranmoney` (`pay_id`,`get_id`,`get_nums`,`get_type`,`now_nums`,`now_nums_get`) VALUES ('0','8748','0','36','1026.01','1026.01') [ RunTime:0.0010s ]
SQL: SELECT `com_id`,`com_num` FROM `ysk_order_detail` WHERE `order_id` = 592  [ RunTime:0.0000s ]
NOTIC: [8] Undefined index: set_meal F:\web\ymm\shop\SAdmin\Controller\CommonController.class.php 第 109 行.
SQL: UPDATE `ysk_order` SET `status`='2' WHERE `order_id` = 592 [ RunTime:0.0010s ]
SQL: UPDATE `ysk_order` SET `status`='3' WHERE `order_id` = 593 [ RunTime:0.0000s ]
SQL: SELECT * FROM `ysk_order` WHERE `order_id` = 593 LIMIT 1   [ RunTime:0.0000s ]
SQL: SELECT `cangku_ratio` FROM ysk_gerenshangpu gr INNER JOIN ysk_product_cate pc ON gr.shop_cate=pc.id  WHERE gr.userid = '8748' LIMIT 1   [ RunTime:0.0010s ]
SQL: UPDATE `ysk_store` SET `cangku_num`=cangku_num+50 WHERE `uid` = 1 [ RunTime:0.0000s ]
SQL: UPDATE `ysk_store` SET `cangku_num`=cangku_num+0 WHERE `uid` = 8748 [ RunTime:0.0010s ]
SQL: SELECT `cangku_num` FROM `ysk_store` WHERE `uid` = 8748 LIMIT 1   [ RunTime:0.0000s ]
SQL: INSERT INTO `ysk_tranmoney` (`pay_id`,`get_id`,`get_nums`,`get_type`,`now_nums`,`now_nums_get`) VALUES ('0','8748','0','36','1026.01','1026.01') [ RunTime:0.0000s ]
SQL: SELECT `com_id`,`com_num` FROM `ysk_order_detail` WHERE `order_id` = 593  [ RunTime:0.0010s ]
NOTIC: [8] Undefined index: set_meal F:\web\ymm\shop\SAdmin\Controller\CommonController.class.php 第 109 行.
SQL: UPDATE `ysk_order` SET `status`='2' WHERE `order_id` = 593 [ RunTime:0.0000s ]
SQL: UPDATE `ysk_order` SET `status`='3' WHERE `order_id` = 654 [ RunTime:0.0010s ]
SQL: SELECT * FROM `ysk_order` WHERE `order_id` = 654 LIMIT 1   [ RunTime:0.0000s ]
SQL: SELECT `cangku_ratio` FROM ysk_gerenshangpu gr INNER JOIN ysk_product_cate pc ON gr.shop_cate=pc.id  WHERE gr.userid = '9183' LIMIT 1   [ RunTime:0.0010s ]
SQL: UPDATE `ysk_store` SET `cangku_num`=cangku_num+350 WHERE `uid` = 1 [ RunTime:0.0000s ]
SQL: UPDATE `ysk_store` SET `cangku_num`=cangku_num+0 WHERE `uid` = 9183 [ RunTime:0.0000s ]
SQL: SELECT `cangku_num` FROM `ysk_store` WHERE `uid` = 9183 LIMIT 1   [ RunTime:0.0000s ]
SQL: INSERT INTO `ysk_tranmoney` (`pay_id`,`get_id`,`get_nums`,`get_type`,`now_nums`,`now_nums_get`) VALUES ('0','9183','0','36','2410.50','2410.50') [ RunTime:0.0010s ]
SQL: SELECT `com_id`,`com_num` FROM `ysk_order_detail` WHERE `order_id` = 654  [ RunTime:0.0000s ]
NOTIC: [8] Undefined index: set_meal F:\web\ymm\shop\SAdmin\Controller\CommonController.class.php 第 109 行.
SQL: UPDATE `ysk_order` SET `status`='2' WHERE `order_id` = 654 [ RunTime:0.0000s ]
SQL: SHOW COLUMNS FROM `ysk_goods` [ RunTime:0.0170s ]
SQL: SELECT pd.id,pd.type_id,pd.name,pd.price,pd.pic,pd.status,pd.shangjia,pd.stock,pd.ctime,pc.id as cid,pc.name as cname FROM ysk_product_detail pd,ysk_product_cate pc WHERE pd.type_id=pc.id and pd.is_duobao=1 [ RunTime:0.0040s ]
SQL: SELECT pd.id,pd.type_id,pd.name,pd.price,pd.pic,pd.status,pd.shangjia,pd.stock,pd.ctime,pc.id as cid,pc.name as cname FROM ysk_product_detail pd,ysk_product_cate pc WHERE pd.type_id=pc.id and pd.is_duobao=1 order by pd.ctime desc LIMIT 0,10 [ RunTime:0.0010s ]
SQL: SELECT * FROM ysk_product_parameter WHERE gid = 663 [ RunTime:0.0020s ]
SQL: SELECT * FROM ysk_product_parameter WHERE gid = 662 [ RunTime:0.0000s ]
SQL: SELECT * FROM ysk_product_parameter WHERE gid = 661 [ RunTime:0.0000s ]
SQL: SELECT * FROM ysk_product_parameter WHERE gid = 649 [ RunTime:0.0000s ]
SQL: SELECT * FROM ysk_product_parameter WHERE gid = 655 [ RunTime:0.0000s ]
SQL: SELECT * FROM ysk_product_parameter WHERE gid = 660 [ RunTime:0.0010s ]
SQL: SELECT * FROM ysk_product_parameter WHERE gid = 659 [ RunTime:0.0000s ]
SQL: SELECT * FROM ysk_product_parameter WHERE gid = 658 [ RunTime:0.0000s ]
SQL: SELECT * FROM ysk_product_parameter WHERE gid = 657 [ RunTime:0.0000s ]
SQL: SELECT * FROM ysk_product_parameter WHERE gid = 654 [ RunTime:0.0010s ]
SQL: SHOW COLUMNS FROM `ysk_product_cate` [ RunTime:0.0130s ]
SQL: SELECT * FROM `ysk_product_cate`  [ RunTime:0.0000s ]
INFO: [ view_parse ] --START--
INFO: [ template_filter ] --START--
INFO: Run Behavior\ContentReplaceBehavior [ RunTime:0.000000s ]
INFO: [ template_filter ] --END-- [ RunTime:0.000000s ]
SQL: SHOW COLUMNS FROM `nc_menu` [ RunTime:0.0140s ]
SQL: SELECT * FROM `nc_menu` ORDER BY sort_order  [ RunTime:0.0010s ]
INFO: [ view_parse ] --START--
INFO: [ template_filter ] --START--
INFO: Run Behavior\ContentReplaceBehavior [ RunTime:0.000000s ]
INFO: [ template_filter ] --END-- [ RunTime:-0.025002s ]
INFO: Run Behavior\ParseTemplateBehavior [ RunTime:0.007001s ]
INFO: [ view_parse ] --END-- [ RunTime:0.007001s ]
INFO: [ view_filter ] --START--
INFO: Run Behavior\WriteHtmlCacheBehavior [ RunTime:0.000000s ]
INFO: [ view_filter ] --END-- [ RunTime:0.000000s ]
SQL: SHOW COLUMNS FROM `ysk_product_detail` [ RunTime:0.0140s ]
SQL: SELECT * FROM `ysk_product_detail` WHERE `id` = 663 LIMIT 1   [ RunTime:0.0000s ]
SQL: SHOW COLUMNS FROM `ysk_gerenshangpu` [ RunTime:0.0150s ]
SQL: SELECT * FROM `ysk_gerenshangpu` WHERE `userid` = 0 LIMIT 1   [ RunTime:0.0000s ]
SQL: SELECT * FROM `ysk_product_detail` WHERE `id` = 662 LIMIT 1   [ RunTime:0.0010s ]
SQL: SELECT * FROM `ysk_gerenshangpu` WHERE `userid` = 0 LIMIT 1   [ RunTime:0.0000s ]
SQL: SELECT * FROM `ysk_product_detail` WHERE `id` = 661 LIMIT 1   [ RunTime:0.0010s ]
SQL: SELECT * FROM `ysk_gerenshangpu` WHERE `userid` = 0 LIMIT 1   [ RunTime:0.0000s ]
SQL: SELECT * FROM `ysk_product_detail` WHERE `id` = 649 LIMIT 1   [ RunTime:0.0010s ]
SQL: SELECT * FROM `ysk_gerenshangpu` WHERE `userid` = 9319 LIMIT 1   [ RunTime:0.0000s ]
SQL: SELECT * FROM `ysk_product_detail` WHERE `id` = 655 LIMIT 1   [ RunTime:0.0010s ]
SQL: SELECT * FROM `ysk_gerenshangpu` WHERE `userid` = 9319 LIMIT 1   [ RunTime:0.0000s ]
SQL: SELECT * FROM `ysk_product_detail` WHERE `id` = 660 LIMIT 1   [ RunTime:0.0000s ]
SQL: SELECT * FROM `ysk_gerenshangpu` WHERE `userid` = 9319 LIMIT 1   [ RunTime:0.0010s ]
SQL: SELECT * FROM `ysk_product_detail` WHERE `id` = 659 LIMIT 1   [ RunTime:0.0000s ]
SQL: SELECT * FROM `ysk_gerenshangpu` WHERE `userid` = 9319 LIMIT 1   [ RunTime:0.0000s ]
SQL: SELECT * FROM `ysk_product_detail` WHERE `id` = 658 LIMIT 1   [ RunTime:0.0000s ]
SQL: SELECT * FROM `ysk_gerenshangpu` WHERE `userid` = 9319 LIMIT 1   [ RunTime:0.0000s ]
SQL: SELECT * FROM `ysk_product_detail` WHERE `id` = 657 LIMIT 1   [ RunTime:0.0000s ]
SQL: SELECT * FROM `ysk_gerenshangpu` WHERE `userid` = 9319 LIMIT 1   [ RunTime:0.0010s ]
SQL: SELECT * FROM `ysk_product_detail` WHERE `id` = 654 LIMIT 1   [ RunTime:0.0010s ]
SQL: SELECT * FROM `ysk_gerenshangpu` WHERE `userid` = 9319 LIMIT 1   [ RunTime:0.0000s ]
INFO: Run Behavior\ParseTemplateBehavior [ RunTime:0.049003s ]
INFO: [ view_parse ] --END-- [ RunTime:0.007001s ]
INFO: [ view_filter ] --START--
INFO: Run Behavior\WriteHtmlCacheBehavior [ RunTime:0.000000s ]
INFO: [ view_filter ] --END-- [ RunTime:-0.042002s ]
INFO: [ app_end ] --START--
INFO: Run Behavior\ShowPageTraceBehavior [ RunTime:0.001000s ]
INFO: [ app_end ] --END-- [ RunTime:0.001000s ]

[ 2020-03-23T10:51:28+08:00 ] 127.0.0.1 /nc.php?s=/Goods/edit/id/663.html
INFO: [ app_init ] --START--
INFO: Run Behavior\BuildLiteBehavior [ RunTime:0.000000s ]
INFO: [ app_init ] --END-- [ RunTime:0.000000s ]
INFO: [ app_begin ] --START--
INFO: Run Behavior\ReadHtmlCacheBehavior [ RunTime:0.001000s ]
INFO: Run Common\Behavior\CheckLangBehavior [ RunTime:0.001000s ]
NOTIC: [8] Constant LANG_SET already defined F:\web\ymm\ThinkPHP\Library\Behavior\CheckLangBehavior.class.php 第 55 行.
INFO: Run Behavior\CheckLangBehavior [ RunTime:0.002001s ]
INFO: [ app_begin ] --END-- [ RunTime:0.004001s ]
SQL: SHOW COLUMNS FROM `ysk_order` [ RunTime:0.0160s ]
SQL: SELECT `order_id` FROM `ysk_order` WHERE ( deadline <=1584931887 AND status = 2 )  [ RunTime:0.0000s ]
SQL: UPDATE `ysk_order` SET `status`='3' WHERE `order_id` = 583 [ RunTime:0.0000s ]
SQL: SELECT * FROM `ysk_order` WHERE `order_id` = 583 LIMIT 1   [ RunTime:0.0010s ]
SQL: SHOW COLUMNS FROM `ysk_gerenshangpu` [ RunTime:0.0160s ]
SQL: SELECT `cangku_ratio` FROM ysk_gerenshangpu gr INNER JOIN ysk_product_cate pc ON gr.shop_cate=pc.id  WHERE gr.userid = '8748' LIMIT 1   [ RunTime:0.0010s ]
SQL: SHOW COLUMNS FROM `ysk_store` [ RunTime:0.0150s ]
SQL: UPDATE `ysk_store` SET `cangku_num`=cangku_num+50 WHERE `uid` = 1 [ RunTime:0.0000s ]
SQL: UPDATE `ysk_store` SET `cangku_num`=cangku_num+0 WHERE `uid` = 8748 [ RunTime:0.0000s ]
SQL: SELECT `cangku_num` FROM `ysk_store` WHERE `uid` = 8748 LIMIT 1   [ RunTime:0.0000s ]
SQL: SHOW COLUMNS FROM `ysk_tranmoney` [ RunTime:0.0150s ]
SQL: INSERT INTO `ysk_tranmoney` (`pay_id`,`get_id`,`get_nums`,`get_type`,`now_nums`,`now_nums_get`) VALUES ('0','8748','0','36','1026.01','1026.01') [ RunTime:0.0000s ]
SQL: SHOW COLUMNS FROM `ysk_order_detail` [ RunTime:0.0170s ]
SQL: SELECT `com_id`,`com_num` FROM `ysk_order_detail` WHERE `order_id` = 583  [ RunTime:0.0010s ]
NOTIC: [8] Undefined index: set_meal F:\web\ymm\shop\SAdmin\Controller\CommonController.class.php 第 109 行.
SQL: UPDATE `ysk_order` SET `status`='2' WHERE `order_id` = 583 [ RunTime:0.0000s ]
SQL: UPDATE `ysk_order` SET `status`='3' WHERE `order_id` = 590 [ RunTime:0.0000s ]
SQL: SELECT * FROM `ysk_order` WHERE `order_id` = 590 LIMIT 1   [ RunTime:0.0000s ]
SQL: SELECT `cangku_ratio` FROM ysk_gerenshangpu gr INNER JOIN ysk_product_cate pc ON gr.shop_cate=pc.id  WHERE gr.userid = '8748' LIMIT 1   [ RunTime:0.0010s ]
SQL: UPDATE `ysk_store` SET `cangku_num`=cangku_num+80 WHERE `uid` = 1 [ RunTime:0.0000s ]
SQL: UPDATE `ysk_store` SET `cangku_num`=cangku_num+0 WHERE `uid` = 8748 [ RunTime:0.0000s ]
SQL: SELECT `cangku_num` FROM `ysk_store` WHERE `uid` = 8748 LIMIT 1   [ RunTime:0.0010s ]
SQL: INSERT INTO `ysk_tranmoney` (`pay_id`,`get_id`,`get_nums`,`get_type`,`now_nums`,`now_nums_get`) VALUES ('0','8748','0','36','1026.01','1026.01') [ RunTime:0.0000s ]
SQL: SELECT `com_id`,`com_num` FROM `ysk_order_detail` WHERE `order_id` = 590  [ RunTime:0.0010s ]
NOTIC: [8] Undefined index: set_meal F:\web\ymm\shop\SAdmin\Controller\CommonController.class.php 第 109 行.
SQL: UPDATE `ysk_order` SET `status`='2' WHERE `order_id` = 590 [ RunTime:0.0000s ]
SQL: UPDATE `ysk_order` SET `status`='3' WHERE `order_id` = 592 [ RunTime:0.2770s ]
SQL: SELECT * FROM `ysk_order` WHERE `order_id` = 592 LIMIT 1   [ RunTime:0.0010s ]
SQL: SELECT `cangku_ratio` FROM ysk_gerenshangpu gr INNER JOIN ysk_product_cate pc ON gr.shop_cate=pc.id  WHERE gr.userid = '8748' LIMIT 1   [ RunTime:0.0000s ]
SQL: UPDATE `ysk_store` SET `cangku_num`=cangku_num+20 WHERE `uid` = 1 [ RunTime:0.0000s ]
SQL: UPDATE `ysk_store` SET `cangku_num`=cangku_num+0 WHERE `uid` = 8748 [ RunTime:0.0000s ]
SQL: SELECT `cangku_num` FROM `ysk_store` WHERE `uid` = 8748 LIMIT 1   [ RunTime:0.0000s ]
SQL: INSERT INTO `ysk_tranmoney` (`pay_id`,`get_id`,`get_nums`,`get_type`,`now_nums`,`now_nums_get`) VALUES ('0','8748','0','36','1026.01','1026.01') [ RunTime:0.0000s ]
SQL: SELECT `com_id`,`com_num` FROM `ysk_order_detail` WHERE `order_id` = 592  [ RunTime:0.0000s ]
NOTIC: [8] Undefined index: set_meal F:\web\ymm\shop\SAdmin\Controller\CommonController.class.php 第 109 行.
SQL: UPDATE `ysk_order` SET `status`='2' WHERE `order_id` = 592 [ RunTime:0.0010s ]
SQL: UPDATE `ysk_order` SET `status`='3' WHERE `order_id` = 593 [ RunTime:0.0000s ]
SQL: SELECT * FROM `ysk_order` WHERE `order_id` = 593 LIMIT 1   [ RunTime:0.0000s ]
SQL: SELECT `cangku_ratio` FROM ysk_gerenshangpu gr INNER JOIN ysk_product_cate pc ON gr.shop_cate=pc.id  WHERE gr.userid = '8748' LIMIT 1   [ RunTime:0.0000s ]
SQL: UPDATE `ysk_store` SET `cangku_num`=cangku_num+50 WHERE `uid` = 1 [ RunTime:0.0010s ]
SQL: UPDATE `ysk_store` SET `cangku_num`=cangku_num+0 WHERE `uid` = 8748 [ RunTime:0.0000s ]
SQL: SELECT `cangku_num` FROM `ysk_store` WHERE `uid` = 8748 LIMIT 1   [ RunTime:0.0000s ]
SQL: INSERT INTO `ysk_tranmoney` (`pay_id`,`get_id`,`get_nums`,`get_type`,`now_nums`,`now_nums_get`) VALUES ('0','8748','0','36','1026.01','1026.01') [ RunTime:0.0000s ]
SQL: SELECT `com_id`,`com_num` FROM `ysk_order_detail` WHERE `order_id` = 593  [ RunTime:0.0010s ]
NOTIC: [8] Undefined index: set_meal F:\web\ymm\shop\SAdmin\Controller\CommonController.class.php 第 109 行.
SQL: UPDATE `ysk_order` SET `status`='2' WHERE `order_id` = 593 [ RunTime:0.0010s ]
SQL: UPDATE `ysk_order` SET `status`='3' WHERE `order_id` = 654 [ RunTime:0.0700s ]
SQL: SELECT * FROM `ysk_order` WHERE `order_id` = 654 LIMIT 1   [ RunTime:0.0010s ]
SQL: SELECT `cangku_ratio` FROM ysk_gerenshangpu gr INNER JOIN ysk_product_cate pc ON gr.shop_cate=pc.id  WHERE gr.userid = '9183' LIMIT 1   [ RunTime:0.0010s ]
SQL: UPDATE `ysk_store` SET `cangku_num`=cangku_num+350 WHERE `uid` = 1 [ RunTime:0.0010s ]
SQL: UPDATE `ysk_store` SET `cangku_num`=cangku_num+0 WHERE `uid` = 9183 [ RunTime:0.0000s ]
SQL: SELECT `cangku_num` FROM `ysk_store` WHERE `uid` = 9183 LIMIT 1   [ RunTime:0.0000s ]
SQL: INSERT INTO `ysk_tranmoney` (`pay_id`,`get_id`,`get_nums`,`get_type`,`now_nums`,`now_nums_get`) VALUES ('0','9183','0','36','2410.50','2410.50') [ RunTime:0.0000s ]
SQL: SELECT `com_id`,`com_num` FROM `ysk_order_detail` WHERE `order_id` = 654  [ RunTime:0.0010s ]
NOTIC: [8] Undefined index: set_meal F:\web\ymm\shop\SAdmin\Controller\CommonController.class.php 第 109 行.
SQL: UPDATE `ysk_order` SET `status`='2' WHERE `order_id` = 654 [ RunTime:0.0010s ]
SQL: SHOW COLUMNS FROM `ysk_goods` [ RunTime:0.0310s ]
SQL: SHOW COLUMNS FROM `ysk_product_cate` [ RunTime:0.0240s ]
SQL: SELECT * FROM `ysk_product_cate`  [ RunTime:0.0000s ]
SQL: SELECT COUNT(*) AS tp_count FROM `ysk_product_cate` WHERE `pid` = 5 LIMIT 1   [ RunTime:0.0000s ]
SQL: SELECT COUNT(*) AS tp_count FROM `ysk_product_cate` WHERE `pid` = 15 LIMIT 1   [ RunTime:0.0010s ]
SQL: SELECT COUNT(*) AS tp_count FROM `ysk_product_cate` WHERE `pid` = 16 LIMIT 1   [ RunTime:0.0000s ]
SQL: SELECT COUNT(*) AS tp_count FROM `ysk_product_cate` WHERE `pid` = 22 LIMIT 1   [ RunTime:0.0010s ]
SQL: SELECT COUNT(*) AS tp_count FROM `ysk_product_cate` WHERE `pid` = 23 LIMIT 1   [ RunTime:0.0000s ]
SQL: SELECT COUNT(*) AS tp_count FROM `ysk_product_cate` WHERE `pid` = 35 LIMIT 1   [ RunTime:0.0000s ]
SQL: SELECT COUNT(*) AS tp_count FROM `ysk_product_cate` WHERE `pid` = 36 LIMIT 1   [ RunTime:0.0000s ]
SQL: SELECT COUNT(*) AS tp_count FROM `ysk_product_cate` WHERE `pid` = 77 LIMIT 1   [ RunTime:0.0000s ]
SQL: SELECT COUNT(*) AS tp_count FROM `ysk_product_cate` WHERE `pid` = 71 LIMIT 1   [ RunTime:0.0010s ]
SQL: SELECT COUNT(*) AS tp_count FROM `ysk_product_cate` WHERE `pid` = 47 LIMIT 1   [ RunTime:0.0000s ]
SQL: SELECT COUNT(*) AS tp_count FROM `ysk_product_cate` WHERE `pid` = 79 LIMIT 1   [ RunTime:0.0010s ]
SQL: SELECT COUNT(*) AS tp_count FROM `ysk_product_cate` WHERE `pid` = 49 LIMIT 1   [ RunTime:0.0000s ]
SQL: SELECT COUNT(*) AS tp_count FROM `ysk_product_cate` WHERE `pid` = 50 LIMIT 1   [ RunTime:0.0010s ]
SQL: SELECT COUNT(*) AS tp_count FROM `ysk_product_cate` WHERE `pid` = 54 LIMIT 1   [ RunTime:0.0000s ]
SQL: SELECT COUNT(*) AS tp_count FROM `ysk_product_cate` WHERE `pid` = 60 LIMIT 1   [ RunTime:0.0000s ]
SQL: SELECT COUNT(*) AS tp_count FROM `ysk_product_cate` WHERE `pid` = 61 LIMIT 1   [ RunTime:0.0000s ]
SQL: SELECT COUNT(*) AS tp_count FROM `ysk_product_cate` WHERE `pid` = 67 LIMIT 1   [ RunTime:0.0000s ]
SQL: SELECT COUNT(*) AS tp_count FROM `ysk_product_cate` WHERE `pid` = 66 LIMIT 1   [ RunTime:0.0000s ]
SQL: SELECT COUNT(*) AS tp_count FROM `ysk_product_cate` WHERE `pid` = 80 LIMIT 1   [ RunTime:0.0000s ]
SQL: SELECT COUNT(*) AS tp_count FROM `ysk_product_cate` WHERE `pid` = 69 LIMIT 1   [ RunTime:0.0000s ]
SQL: SELECT COUNT(*) AS tp_count FROM `ysk_product_cate` WHERE `pid` = 70 LIMIT 1   [ RunTime:0.0000s ]
SQL: SELECT COUNT(*) AS tp_count FROM `ysk_product_cate` WHERE `pid` = 86 LIMIT 1   [ RunTime:0.0010s ]
SQL: SELECT COUNT(*) AS tp_count FROM `ysk_product_cate` WHERE `pid` = 90 LIMIT 1   [ RunTime:0.0000s ]
SQL: SELECT COUNT(*) AS tp_count FROM `ysk_product_cate` WHERE `pid` = 78 LIMIT 1   [ RunTime:0.0010s ]
SQL: SHOW COLUMNS FROM `ysk_product_detail` [ RunTime:0.0200s ]
SQL: SELECT * FROM `ysk_product_detail` WHERE `id` = 663 LIMIT 1   [ RunTime:0.0000s ]
SQL: SHOW COLUMNS FROM `ysk_product_parameter` [ RunTime:0.0160s ]
SQL: SELECT * FROM `ysk_product_parameter` WHERE `gid` = 663  [ RunTime:0.0000s ]
NOTIC: [8] Undefined variable: i F:\web\ymm\shop\SAdmin\Controller\GoodsController.class.php 第 391 行.
INFO: [ view_parse ] --START--
INFO: [ template_filter ] --START--
INFO: Run Behavior\ContentReplaceBehavior [ RunTime:0.000000s ]
INFO: [ template_filter ] --END-- [ RunTime:0.000000s ]
SQL: SHOW COLUMNS FROM `nc_menu` [ RunTime:0.0100s ]
SQL: SELECT * FROM `nc_menu` ORDER BY sort_order  [ RunTime:0.0010s ]
INFO: [ view_parse ] --START--
INFO: [ template_filter ] --START--
INFO: Run Behavior\ContentReplaceBehavior [ RunTime:0.000000s ]
INFO: [ template_filter ] --END-- [ RunTime:-0.022002s ]
INFO: Run Behavior\ParseTemplateBehavior [ RunTime:0.006001s ]
INFO: [ view_parse ] --END-- [ RunTime:0.006001s ]
INFO: [ view_filter ] --START--
INFO: Run Behavior\WriteHtmlCacheBehavior [ RunTime:0.000000s ]
INFO: [ view_filter ] --END-- [ RunTime:0.000000s ]
NOTIC: [8] Undefined variable: option_row F:\web\ymm\Runtime\Cache\SAdmin\8f79d42b4a5823a299db89cb2a9e499d.php 第 671 行.
NOTIC: [8] Undefined variable: button_option_value_add F:\web\ymm\Runtime\Cache\SAdmin\8f79d42b4a5823a299db89cb2a9e499d.php 第 732 行.
NOTIC: [8] Undefined variable: option_value_row F:\web\ymm\Runtime\Cache\SAdmin\8f79d42b4a5823a299db89cb2a9e499d.php 第 758 行.
NOTIC: [8] Undefined variable: entry_price F:\web\ymm\Runtime\Cache\SAdmin\8f79d42b4a5823a299db89cb2a9e499d.php 第 782 行.
NOTIC: [8] Undefined variable: entry_weight F:\web\ymm\Runtime\Cache\SAdmin\8f79d42b4a5823a299db89cb2a9e499d.php 第 788 行.
NOTIC: [8] Undefined variable: button_remove F:\web\ymm\Runtime\Cache\SAdmin\8f79d42b4a5823a299db89cb2a9e499d.php 第 792 行.
NOTIC: [8] Undefined variable: image_row F:\web\ymm\Runtime\Cache\SAdmin\8f79d42b4a5823a299db89cb2a9e499d.php 第 828 行.
INFO: Run Behavior\ParseTemplateBehavior [ RunTime:0.007001s ]
INFO: [ view_parse ] --END-- [ RunTime:0.006001s ]
INFO: [ view_filter ] --START--
INFO: Run Behavior\WriteHtmlCacheBehavior [ RunTime:0.000000s ]
INFO: [ view_filter ] --END-- [ RunTime:-0.001000s ]
INFO: [ app_end ] --START--
INFO: Run Behavior\ShowPageTraceBehavior [ RunTime:0.000000s ]
INFO: [ app_end ] --END-- [ RunTime:0.001000s ]

[ 2020-03-23T10:51:34+08:00 ] 127.0.0.1 /nc.php?s=/Goods/edit.html
INFO: [ app_init ] --START--
INFO: Run Behavior\BuildLiteBehavior [ RunTime:0.000000s ]
INFO: [ app_init ] --END-- [ RunTime:0.000000s ]
INFO: [ app_begin ] --START--
INFO: Run Behavior\ReadHtmlCacheBehavior [ RunTime:0.001000s ]
INFO: Run Common\Behavior\CheckLangBehavior [ RunTime:0.002000s ]
NOTIC: [8] Constant LANG_SET already defined F:\web\ymm\ThinkPHP\Library\Behavior\CheckLangBehavior.class.php 第 55 行.
INFO: Run Behavior\CheckLangBehavior [ RunTime:0.003000s ]
INFO: [ app_begin ] --END-- [ RunTime:0.006000s ]
SQL: SHOW COLUMNS FROM `ysk_order` [ RunTime:0.0110s ]
SQL: SELECT `order_id` FROM `ysk_order` WHERE ( deadline <=1584931893 AND status = 2 )  [ RunTime:0.0010s ]
SQL: UPDATE `ysk_order` SET `status`='3' WHERE `order_id` = 583 [ RunTime:0.0010s ]
SQL: SELECT * FROM `ysk_order` WHERE `order_id` = 583 LIMIT 1   [ RunTime:0.0000s ]
SQL: SHOW COLUMNS FROM `ysk_gerenshangpu` [ RunTime:0.0150s ]
SQL: SELECT `cangku_ratio` FROM ysk_gerenshangpu gr INNER JOIN ysk_product_cate pc ON gr.shop_cate=pc.id  WHERE gr.userid = '8748' LIMIT 1   [ RunTime:0.0010s ]
SQL: SHOW COLUMNS FROM `ysk_store` [ RunTime:0.0110s ]
SQL: UPDATE `ysk_store` SET `cangku_num`=cangku_num+50 WHERE `uid` = 1 [ RunTime:0.0010s ]
SQL: UPDATE `ysk_store` SET `cangku_num`=cangku_num+0 WHERE `uid` = 8748 [ RunTime:0.0000s ]
SQL: SELECT `cangku_num` FROM `ysk_store` WHERE `uid` = 8748 LIMIT 1   [ RunTime:0.0000s ]
SQL: SHOW COLUMNS FROM `ysk_tranmoney` [ RunTime:0.0130s ]
SQL: INSERT INTO `ysk_tranmoney` (`pay_id`,`get_id`,`get_nums`,`get_type`,`now_nums`,`now_nums_get`) VALUES ('0','8748','0','36','1026.01','1026.01') [ RunTime:0.0010s ]
SQL: SHOW COLUMNS FROM `ysk_order_detail` [ RunTime:0.0130s ]
SQL: SELECT `com_id`,`com_num` FROM `ysk_order_detail` WHERE `order_id` = 583  [ RunTime:0.0000s ]
NOTIC: [8] Undefined index: set_meal F:\web\ymm\shop\SAdmin\Controller\CommonController.class.php 第 109 行.
SQL: UPDATE `ysk_order` SET `status`='2' WHERE `order_id` = 583 [ RunTime:0.0010s ]
SQL: UPDATE `ysk_order` SET `status`='3' WHERE `order_id` = 590 [ RunTime:0.0000s ]
SQL: SELECT * FROM `ysk_order` WHERE `order_id` = 590 LIMIT 1   [ RunTime:0.0010s ]
SQL: SELECT `cangku_ratio` FROM ysk_gerenshangpu gr INNER JOIN ysk_product_cate pc ON gr.shop_cate=pc.id  WHERE gr.userid = '8748' LIMIT 1   [ RunTime:0.0010s ]
SQL: UPDATE `ysk_store` SET `cangku_num`=cangku_num+80 WHERE `uid` = 1 [ RunTime:0.0000s ]
SQL: UPDATE `ysk_store` SET `cangku_num`=cangku_num+0 WHERE `uid` = 8748 [ RunTime:0.0010s ]
SQL: SELECT `cangku_num` FROM `ysk_store` WHERE `uid` = 8748 LIMIT 1   [ RunTime:0.0000s ]
SQL: INSERT INTO `ysk_tranmoney` (`pay_id`,`get_id`,`get_nums`,`get_type`,`now_nums`,`now_nums_get`) VALUES ('0','8748','0','36','1026.01','1026.01') [ RunTime:0.0010s ]
SQL: SELECT `com_id`,`com_num` FROM `ysk_order_detail` WHERE `order_id` = 590  [ RunTime:0.0000s ]
NOTIC: [8] Undefined index: set_meal F:\web\ymm\shop\SAdmin\Controller\CommonController.class.php 第 109 行.
SQL: UPDATE `ysk_order` SET `status`='2' WHERE `order_id` = 590 [ RunTime:0.0000s ]
SQL: UPDATE `ysk_order` SET `status`='3' WHERE `order_id` = 592 [ RunTime:0.0010s ]
SQL: SELECT * FROM `ysk_order` WHERE `order_id` = 592 LIMIT 1   [ RunTime:0.0000s ]
SQL: SELECT `cangku_ratio` FROM ysk_gerenshangpu gr INNER JOIN ysk_product_cate pc ON gr.shop_cate=pc.id  WHERE gr.userid = '8748' LIMIT 1   [ RunTime:0.0000s ]
SQL: UPDATE `ysk_store` SET `cangku_num`=cangku_num+20 WHERE `uid` = 1 [ RunTime:0.0010s ]
SQL: UPDATE `ysk_store` SET `cangku_num`=cangku_num+0 WHERE `uid` = 8748 [ RunTime:0.0000s ]
SQL: SELECT `cangku_num` FROM `ysk_store` WHERE `uid` = 8748 LIMIT 1   [ RunTime:0.0000s ]
SQL: INSERT INTO `ysk_tranmoney` (`pay_id`,`get_id`,`get_nums`,`get_type`,`now_nums`,`now_nums_get`) VALUES ('0','8748','0','36','1026.01','1026.01') [ RunTime:0.0000s ]
SQL: SELECT `com_id`,`com_num` FROM `ysk_order_detail` WHERE `order_id` = 592  [ RunTime:0.0010s ]
NOTIC: [8] Undefined index: set_meal F:\web\ymm\shop\SAdmin\Controller\CommonController.class.php 第 109 行.
SQL: UPDATE `ysk_order` SET `status`='2' WHERE `order_id` = 592 [ RunTime:0.0000s ]
SQL: UPDATE `ysk_order` SET `status`='3' WHERE `order_id` = 593 [ RunTime:0.0000s ]
SQL: SELECT * FROM `ysk_order` WHERE `order_id` = 593 LIMIT 1   [ RunTime:0.0010s ]
SQL: SELECT `cangku_ratio` FROM ysk_gerenshangpu gr INNER JOIN ysk_product_cate pc ON gr.shop_cate=pc.id  WHERE gr.userid = '8748' LIMIT 1   [ RunTime:0.0000s ]
SQL: UPDATE `ysk_store` SET `cangku_num`=cangku_num+50 WHERE `uid` = 1 [ RunTime:0.0000s ]
SQL: UPDATE `ysk_store` SET `cangku_num`=cangku_num+0 WHERE `uid` = 8748 [ RunTime:0.0010s ]
SQL: SELECT `cangku_num` FROM `ysk_store` WHERE `uid` = 8748 LIMIT 1   [ RunTime:0.0000s ]
SQL: INSERT INTO `ysk_tranmoney` (`pay_id`,`get_id`,`get_nums`,`get_type`,`now_nums`,`now_nums_get`) VALUES ('0','8748','0','36','1026.01','1026.01') [ RunTime:0.0000s ]
SQL: SELECT `com_id`,`com_num` FROM `ysk_order_detail` WHERE `order_id` = 593  [ RunTime:0.0010s ]
NOTIC: [8] Undefined index: set_meal F:\web\ymm\shop\SAdmin\Controller\CommonController.class.php 第 109 行.
SQL: UPDATE `ysk_order` SET `status`='2' WHERE `order_id` = 593 [ RunTime:0.0000s ]
SQL: UPDATE `ysk_order` SET `status`='3' WHERE `order_id` = 654 [ RunTime:0.0000s ]
SQL: SELECT * FROM `ysk_order` WHERE `order_id` = 654 LIMIT 1   [ RunTime:0.0000s ]
SQL: SELECT `cangku_ratio` FROM ysk_gerenshangpu gr INNER JOIN ysk_product_cate pc ON gr.shop_cate=pc.id  WHERE gr.userid = '9183' LIMIT 1   [ RunTime:0.0000s ]
SQL: UPDATE `ysk_store` SET `cangku_num`=cangku_num+350 WHERE `uid` = 1 [ RunTime:0.0010s ]
SQL: UPDATE `ysk_store` SET `cangku_num`=cangku_num+0 WHERE `uid` = 9183 [ RunTime:0.0000s ]
SQL: SELECT `cangku_num` FROM `ysk_store` WHERE `uid` = 9183 LIMIT 1   [ RunTime:0.0000s ]
SQL: INSERT INTO `ysk_tranmoney` (`pay_id`,`get_id`,`get_nums`,`get_type`,`now_nums`,`now_nums_get`) VALUES ('0','9183','0','36','2410.50','2410.50') [ RunTime:0.0000s ]
SQL: SELECT `com_id`,`com_num` FROM `ysk_order_detail` WHERE `order_id` = 654  [ RunTime:0.0010s ]
NOTIC: [8] Undefined index: set_meal F:\web\ymm\shop\SAdmin\Controller\CommonController.class.php 第 109 行.
SQL: UPDATE `ysk_order` SET `status`='2' WHERE `order_id` = 654 [ RunTime:0.0000s ]
SQL: SHOW COLUMNS FROM `ysk_goods` [ RunTime:0.0140s ]
NOTIC: [8] Undefined index: s_desc F:\web\ymm\shop\SAdmin\Model\GoodsModel.class.php 第 325 行.
NOTIC: [8] Undefined index: old_price F:\web\ymm\shop\SAdmin\Model\GoodsModel.class.php 第 327 行.
NOTIC: [8] Undefined index: address F:\web\ymm\shop\SAdmin\Model\GoodsModel.class.php 第 335 行.
NOTIC: [8] Undefined index: is_teshu F:\web\ymm\shop\SAdmin\Model\GoodsModel.class.php 第 355 行.
NOTIC: [8] Undefined index: xiaofei_bili F:\web\ymm\shop\SAdmin\Model\GoodsModel.class.php 第 357 行.
NOTIC: [8] Undefined index: sanji_use F:\web\ymm\shop\SAdmin\Model\GoodsModel.class.php 第 359 行.
NOTIC: [8] Undefined index: color_cate F:\web\ymm\shop\SAdmin\Model\GoodsModel.class.php 第 362 行.
NOTIC: [8] Undefined index: csize F:\web\ymm\shop\SAdmin\Model\GoodsModel.class.php 第 363 行.
NOTIC: [8] Undefined index: jifen_type F:\web\ymm\shop\SAdmin\Model\GoodsModel.class.php 第 365 行.
NOTIC: [2] Invalid argument supplied for foreach() F:\web\ymm\shop\SAdmin\Model\GoodsModel.class.php 第 365 行.
NOTIC: [8] Undefined index: stock F:\web\ymm\shop\SAdmin\Model\GoodsModel.class.php 第 373 行.
NOTIC: [8] Undefined index: status F:\web\ymm\shop\SAdmin\Model\GoodsModel.class.php 第 375 行.
NOTIC: [8] Undefined index: kaijiang_nums F:\web\ymm\shop\SAdmin\Model\GoodsModel.class.php 第 378 行.
SQL: SHOW COLUMNS FROM `ysk_product_parameter` [ RunTime:0.0140s ]
SQL: DELETE FROM `ysk_product_parameter` WHERE ( gid=663 ) [ RunTime:0.0000s ]
SQL: INSERT INTO `ysk_product_parameter` (`gid`,`type`,`price`,`kucun`,`jifen_nums`) VALUES ('663','航粒香 天府璀钻有机大米 10斤装','220','5300','0.00') [ RunTime:0.0000s ]
SQL: SHOW COLUMNS FROM `ysk_product_detail` [ RunTime:0.0150s ]
SQL: UPDATE `ysk_product_detail` SET `name`='航粒香 天府璀钻有机大米',`type_id`='90',`s_desc`=NULL,`old_price`=NULL,`pic`='/Uploads/image/product/5e0ffbef1d3d9.jpg',`pic1`='/Uploads/image/product/5e0ffbf4b0bf2.jpg',`pic2`='/Uploads/image/product/5e0ffbf83825c.jpg',`pic3`='',`pic4`='',`pic5`='',`freight`='0',`address`=NULL,`is_sort`='0',`is_hot`='1',`is_new`='1',`is_shangjia`='1',`is_duobao`='1',`set_meal`='0',`is_tuijian`='1',`zhifu_pay`='0,2,1,3',`is_teshu`=NULL,`xiaofei_bili`=NULL,`sanji_use`=NULL,`color_cate`=NULL,`csize`=NULL,`jifen_type`='',`stock`=NULL,`content`='&lt;p&gt;&lt;img alt=&quot;&quot; src=&quot;/Uploads/image/goods_description/2020-01-04/5e0ffc8bc717e.jpg&quot; /&gt;&lt;/p&gt;
',`status`=NULL,`jifen_nums`='0.00',`kaijiang_nums`=NULL,`return_balance`='0.00' WHERE `id` = 663 [ RunTime:0.0010s ]
INFO: [ view_parse ] --START--
INFO: [ template_filter ] --START--
INFO: Run Behavior\ContentReplaceBehavior [ RunTime:0.000000s ]
INFO: [ template_filter ] --END-- [ RunTime:0.000000s ]
INFO: Run Behavior\ParseTemplateBehavior [ RunTime:0.010001s ]
INFO: [ view_parse ] --END-- [ RunTime:0.010001s ]
INFO: [ view_filter ] --START--
INFO: Run Behavior\WriteHtmlCacheBehavior [ RunTime:0.000000s ]
INFO: [ view_filter ] --END-- [ RunTime:0.000000s ]

[ 2020-03-23T10:51:35+08:00 ] 127.0.0.1 /nc.php?s=/Goods/index.html
INFO: [ app_init ] --START--
INFO: Run Behavior\BuildLiteBehavior [ RunTime:0.000000s ]
INFO: [ app_init ] --END-- [ RunTime:0.001000s ]
INFO: [ app_begin ] --START--
INFO: Run Behavior\ReadHtmlCacheBehavior [ RunTime:0.001001s ]
INFO: Run Common\Behavior\CheckLangBehavior [ RunTime:0.001000s ]
NOTIC: [8] Constant LANG_SET already defined F:\web\ymm\ThinkPHP\Library\Behavior\CheckLangBehavior.class.php 第 55 行.
INFO: Run Behavior\CheckLangBehavior [ RunTime:0.002000s ]
INFO: [ app_begin ] --END-- [ RunTime:0.004001s ]
SQL: SHOW COLUMNS FROM `ysk_order` [ RunTime:0.0140s ]
SQL: SELECT `order_id` FROM `ysk_order` WHERE ( deadline <=1584931895 AND status = 2 )  [ RunTime:0.0000s ]
SQL: UPDATE `ysk_order` SET `status`='3' WHERE `order_id` = 583 [ RunTime:0.0000s ]
SQL: SELECT * FROM `ysk_order` WHERE `order_id` = 583 LIMIT 1   [ RunTime:0.0000s ]
SQL: SHOW COLUMNS FROM `ysk_gerenshangpu` [ RunTime:0.0130s ]
SQL: SELECT `cangku_ratio` FROM ysk_gerenshangpu gr INNER JOIN ysk_product_cate pc ON gr.shop_cate=pc.id  WHERE gr.userid = '8748' LIMIT 1   [ RunTime:0.0000s ]
SQL: SHOW COLUMNS FROM `ysk_store` [ RunTime:0.0140s ]
SQL: UPDATE `ysk_store` SET `cangku_num`=cangku_num+50 WHERE `uid` = 1 [ RunTime:0.0000s ]
SQL: UPDATE `ysk_store` SET `cangku_num`=cangku_num+0 WHERE `uid` = 8748 [ RunTime:0.0010s ]
SQL: SELECT `cangku_num` FROM `ysk_store` WHERE `uid` = 8748 LIMIT 1   [ RunTime:0.0000s ]
SQL: SHOW COLUMNS FROM `ysk_tranmoney` [ RunTime:0.0130s ]
SQL: INSERT INTO `ysk_tranmoney` (`pay_id`,`get_id`,`get_nums`,`get_type`,`now_nums`,`now_nums_get`) VALUES ('0','8748','0','36','1026.01','1026.01') [ RunTime:0.0010s ]
SQL: SHOW COLUMNS FROM `ysk_order_detail` [ RunTime:0.0130s ]
SQL: SELECT `com_id`,`com_num` FROM `ysk_order_detail` WHERE `order_id` = 583  [ RunTime:0.0000s ]
NOTIC: [8] Undefined index: set_meal F:\web\ymm\shop\SAdmin\Controller\CommonController.class.php 第 109 行.
SQL: UPDATE `ysk_order` SET `status`='2' WHERE `order_id` = 583 [ RunTime:0.0000s ]
SQL: UPDATE `ysk_order` SET `status`='3' WHERE `order_id` = 590 [ RunTime:0.0010s ]
SQL: SELECT * FROM `ysk_order` WHERE `order_id` = 590 LIMIT 1   [ RunTime:0.0000s ]
SQL: SELECT `cangku_ratio` FROM ysk_gerenshangpu gr INNER JOIN ysk_product_cate pc ON gr.shop_cate=pc.id  WHERE gr.userid = '8748' LIMIT 1   [ RunTime:0.0000s ]
SQL: UPDATE `ysk_store` SET `cangku_num`=cangku_num+80 WHERE `uid` = 1 [ RunTime:0.0000s ]
SQL: UPDATE `ysk_store` SET `cangku_num`=cangku_num+0 WHERE `uid` = 8748 [ RunTime:0.0000s ]
SQL: SELECT `cangku_num` FROM `ysk_store` WHERE `uid` = 8748 LIMIT 1   [ RunTime:0.0000s ]
SQL: INSERT INTO `ysk_tranmoney` (`pay_id`,`get_id`,`get_nums`,`get_type`,`now_nums`,`now_nums_get`) VALUES ('0','8748','0','36','1026.01','1026.01') [ RunTime:0.0010s ]
SQL: SELECT `com_id`,`com_num` FROM `ysk_order_detail` WHERE `order_id` = 590  [ RunTime:0.0000s ]
NOTIC: [8] Undefined index: set_meal F:\web\ymm\shop\SAdmin\Controller\CommonController.class.php 第 109 行.
SQL: UPDATE `ysk_order` SET `status`='2' WHERE `order_id` = 590 [ RunTime:0.0000s ]
SQL: UPDATE `ysk_order` SET `status`='3' WHERE `order_id` = 592 [ RunTime:0.0000s ]
SQL: SELECT * FROM `ysk_order` WHERE `order_id` = 592 LIMIT 1   [ RunTime:0.0000s ]
SQL: SELECT `cangku_ratio` FROM ysk_gerenshangpu gr INNER JOIN ysk_product_cate pc ON gr.shop_cate=pc.id  WHERE gr.userid = '8748' LIMIT 1   [ RunTime:0.0000s ]
SQL: UPDATE `ysk_store` SET `cangku_num`=cangku_num+20 WHERE `uid` = 1 [ RunTime:0.0000s ]
SQL: UPDATE `ysk_store` SET `cangku_num`=cangku_num+0 WHERE `uid` = 8748 [ RunTime:0.0000s ]
SQL: SELECT `cangku_num` FROM `ysk_store` WHERE `uid` = 8748 LIMIT 1   [ RunTime:0.0000s ]
SQL: INSERT INTO `ysk_tranmoney` (`pay_id`,`get_id`,`get_nums`,`get_type`,`now_nums`,`now_nums_get`) VALUES ('0','8748','0','36','1026.01','1026.01') [ RunTime:0.0000s ]
SQL: SELECT `com_id`,`com_num` FROM `ysk_order_detail` WHERE `order_id` = 592  [ RunTime:0.0000s ]
NOTIC: [8] Undefined index: set_meal F:\web\ymm\shop\SAdmin\Controller\CommonController.class.php 第 109 行.
SQL: UPDATE `ysk_order` SET `status`='2' WHERE `order_id` = 592 [ RunTime:0.0000s ]
SQL: UPDATE `ysk_order` SET `status`='3' WHERE `order_id` = 593 [ RunTime:0.0010s ]
SQL: SELECT * FROM `ysk_order` WHERE `order_id` = 593 LIMIT 1   [ RunTime:0.0000s ]
SQL: SELECT `cangku_ratio` FROM ysk_gerenshangpu gr INNER JOIN ysk_product_cate pc ON gr.shop_cate=pc.id  WHERE gr.userid = '8748' LIMIT 1   [ RunTime:0.0000s ]
SQL: UPDATE `ysk_store` SET `cangku_num`=cangku_num+50 WHERE `uid` = 1 [ RunTime:0.0010s ]
SQL: UPDATE `ysk_store` SET `cangku_num`=cangku_num+0 WHERE `uid` = 8748 [ RunTime:0.0000s ]
SQL: SELECT `cangku_num` FROM `ysk_store` WHERE `uid` = 8748 LIMIT 1   [ RunTime:0.0000s ]
SQL: INSERT INTO `ysk_tranmoney` (`pay_id`,`get_id`,`get_nums`,`get_type`,`now_nums`,`now_nums_get`) VALUES ('0','8748','0','36','1026.01','1026.01') [ RunTime:0.0000s ]
SQL: SELECT `com_id`,`com_num` FROM `ysk_order_detail` WHERE `order_id` = 593  [ RunTime:0.0000s ]
NOTIC: [8] Undefined index: set_meal F:\web\ymm\shop\SAdmin\Controller\CommonController.class.php 第 109 行.
SQL: UPDATE `ysk_order` SET `status`='2' WHERE `order_id` = 593 [ RunTime:0.0000s ]
SQL: UPDATE `ysk_order` SET `status`='3' WHERE `order_id` = 654 [ RunTime:0.0000s ]
SQL: SELECT * FROM `ysk_order` WHERE `order_id` = 654 LIMIT 1   [ RunTime:0.0000s ]
SQL: SELECT `cangku_ratio` FROM ysk_gerenshangpu gr INNER JOIN ysk_product_cate pc ON gr.shop_cate=pc.id  WHERE gr.userid = '9183' LIMIT 1   [ RunTime:0.0000s ]
SQL: UPDATE `ysk_store` SET `cangku_num`=cangku_num+350 WHERE `uid` = 1 [ RunTime:0.0010s ]
SQL: UPDATE `ysk_store` SET `cangku_num`=cangku_num+0 WHERE `uid` = 9183 [ RunTime:0.0000s ]
SQL: SELECT `cangku_num` FROM `ysk_store` WHERE `uid` = 9183 LIMIT 1   [ RunTime:0.0010s ]
SQL: INSERT INTO `ysk_tranmoney` (`pay_id`,`get_id`,`get_nums`,`get_type`,`now_nums`,`now_nums_get`) VALUES ('0','9183','0','36','2410.50','2410.50') [ RunTime:0.0000s ]
SQL: SELECT `com_id`,`com_num` FROM `ysk_order_detail` WHERE `order_id` = 654  [ RunTime:0.0000s ]
NOTIC: [8] Undefined index: set_meal F:\web\ymm\shop\SAdmin\Controller\CommonController.class.php 第 109 行.
SQL: UPDATE `ysk_order` SET `status`='2' WHERE `order_id` = 654 [ RunTime:0.0000s ]
SQL: SHOW COLUMNS FROM `ysk_goods` [ RunTime:0.0130s ]
SQL: SELECT pd.id,pd.type_id,pd.name,pd.price,pd.pic,pd.status,pd.shangjia,pd.stock,pd.ctime,pc.id as cid,pc.name as cname FROM ysk_product_detail pd,ysk_product_cate pc WHERE pd.type_id=pc.id and pd.is_duobao=1 [ RunTime:0.0010s ]
SQL: SELECT pd.id,pd.type_id,pd.name,pd.price,pd.pic,pd.status,pd.shangjia,pd.stock,pd.ctime,pc.id as cid,pc.name as cname FROM ysk_product_detail pd,ysk_product_cate pc WHERE pd.type_id=pc.id and pd.is_duobao=1 order by pd.ctime desc LIMIT 0,10 [ RunTime:0.0000s ]
SQL: SELECT * FROM ysk_product_parameter WHERE gid = 663 [ RunTime:0.0000s ]
SQL: SELECT * FROM ysk_product_parameter WHERE gid = 662 [ RunTime:0.0000s ]
SQL: SELECT * FROM ysk_product_parameter WHERE gid = 661 [ RunTime:0.0010s ]
SQL: SELECT * FROM ysk_product_parameter WHERE gid = 649 [ RunTime:0.0000s ]
SQL: SELECT * FROM ysk_product_parameter WHERE gid = 655 [ RunTime:0.0000s ]
SQL: SELECT * FROM ysk_product_parameter WHERE gid = 660 [ RunTime:0.0000s ]
SQL: SELECT * FROM ysk_product_parameter WHERE gid = 659 [ RunTime:0.0010s ]
SQL: SELECT * FROM ysk_product_parameter WHERE gid = 658 [ RunTime:0.0000s ]
SQL: SELECT * FROM ysk_product_parameter WHERE gid = 657 [ RunTime:0.0000s ]
SQL: SELECT * FROM ysk_product_parameter WHERE gid = 654 [ RunTime:0.0010s ]
SQL: SHOW COLUMNS FROM `ysk_product_cate` [ RunTime:0.0130s ]
SQL: SELECT * FROM `ysk_product_cate`  [ RunTime:0.0000s ]
INFO: [ view_parse ] --START--
INFO: [ template_filter ] --START--
INFO: Run Behavior\ContentReplaceBehavior [ RunTime:0.000000s ]
INFO: [ template_filter ] --END-- [ RunTime:0.000000s ]
SQL: SHOW COLUMNS FROM `nc_menu` [ RunTime:0.0140s ]
SQL: SELECT * FROM `nc_menu` ORDER BY sort_order  [ RunTime:0.0010s ]
INFO: [ view_parse ] --START--
INFO: [ template_filter ] --START--
INFO: Run Behavior\ContentReplaceBehavior [ RunTime:0.000000s ]
INFO: [ template_filter ] --END-- [ RunTime:-0.025002s ]
INFO: Run Behavior\ParseTemplateBehavior [ RunTime:0.007001s ]
INFO: [ view_parse ] --END-- [ RunTime:0.007001s ]
INFO: [ view_filter ] --START--
INFO: Run Behavior\WriteHtmlCacheBehavior [ RunTime:0.001000s ]
INFO: [ view_filter ] --END-- [ RunTime:0.001000s ]
SQL: SHOW COLUMNS FROM `ysk_product_detail` [ RunTime:0.0140s ]
SQL: SELECT * FROM `ysk_product_detail` WHERE `id` = 663 LIMIT 1   [ RunTime:0.0010s ]
SQL: SHOW COLUMNS FROM `ysk_gerenshangpu` [ RunTime:0.0130s ]
SQL: SELECT * FROM `ysk_gerenshangpu` WHERE `userid` = 0 LIMIT 1   [ RunTime:0.0000s ]
SQL: SELECT * FROM `ysk_product_detail` WHERE `id` = 662 LIMIT 1   [ RunTime:0.0010s ]
SQL: SELECT * FROM `ysk_gerenshangpu` WHERE `userid` = 0 LIMIT 1   [ RunTime:0.0000s ]
SQL: SELECT * FROM `ysk_product_detail` WHERE `id` = 661 LIMIT 1   [ RunTime:0.0010s ]
SQL: SELECT * FROM `ysk_gerenshangpu` WHERE `userid` = 0 LIMIT 1   [ RunTime:0.0000s ]
SQL: SELECT * FROM `ysk_product_detail` WHERE `id` = 649 LIMIT 1   [ RunTime:0.0010s ]
SQL: SELECT * FROM `ysk_gerenshangpu` WHERE `userid` = 9319 LIMIT 1   [ RunTime:0.0000s ]
SQL: SELECT * FROM `ysk_product_detail` WHERE `id` = 655 LIMIT 1   [ RunTime:0.0010s ]
SQL: SELECT * FROM `ysk_gerenshangpu` WHERE `userid` = 9319 LIMIT 1   [ RunTime:0.0000s ]
SQL: SELECT * FROM `ysk_product_detail` WHERE `id` = 660 LIMIT 1   [ RunTime:0.0010s ]
SQL: SELECT * FROM `ysk_gerenshangpu` WHERE `userid` = 9319 LIMIT 1   [ RunTime:0.0000s ]
SQL: SELECT * FROM `ysk_product_detail` WHERE `id` = 659 LIMIT 1   [ RunTime:0.0010s ]
SQL: SELECT * FROM `ysk_gerenshangpu` WHERE `userid` = 9319 LIMIT 1   [ RunTime:0.0000s ]
SQL: SELECT * FROM `ysk_product_detail` WHERE `id` = 658 LIMIT 1   [ RunTime:0.0010s ]
SQL: SELECT * FROM `ysk_gerenshangpu` WHERE `userid` = 9319 LIMIT 1   [ RunTime:0.0000s ]
SQL: SELECT * FROM `ysk_product_detail` WHERE `id` = 657 LIMIT 1   [ RunTime:0.0010s ]
SQL: SELECT * FROM `ysk_gerenshangpu` WHERE `userid` = 9319 LIMIT 1   [ RunTime:0.0000s ]
SQL: SELECT * FROM `ysk_product_detail` WHERE `id` = 654 LIMIT 1   [ RunTime:0.0010s ]
SQL: SELECT * FROM `ysk_gerenshangpu` WHERE `userid` = 9319 LIMIT 1   [ RunTime:0.0000s ]
INFO: Run Behavior\ParseTemplateBehavior [ RunTime:0.046003s ]
INFO: [ view_parse ] --END-- [ RunTime:0.007001s ]
INFO: [ view_filter ] --START--
INFO: Run Behavior\WriteHtmlCacheBehavior [ RunTime:0.000000s ]
INFO: [ view_filter ] --END-- [ RunTime:-0.038002s ]
INFO: [ app_end ] --START--
INFO: Run Behavior\ShowPageTraceBehavior [ RunTime:0.000000s ]
INFO: [ app_end ] --END-- [ RunTime:0.001000s ]

[ 2020-03-23T11:33:00+08:00 ] 127.0.0.1 /nc.php?s=/Goods/edit/id/663.html
INFO: [ app_init ] --START--
INFO: Run Behavior\BuildLiteBehavior [ RunTime:0.000000s ]
INFO: [ app_init ] --END-- [ RunTime:0.000000s ]
INFO: [ app_begin ] --START--
INFO: Run Behavior\ReadHtmlCacheBehavior [ RunTime:0.000000s ]
INFO: Run Common\Behavior\CheckLangBehavior [ RunTime:0.002000s ]
NOTIC: [8] Constant LANG_SET already defined F:\web\ymm\ThinkPHP\Library\Behavior\CheckLangBehavior.class.php 第 55 行.
INFO: Run Behavior\CheckLangBehavior [ RunTime:0.002000s ]
INFO: [ app_begin ] --END-- [ RunTime:0.005000s ]
SQL: SHOW COLUMNS FROM `ysk_order` [ RunTime:0.0070s ]
SQL: SELECT `order_id` FROM `ysk_order` WHERE ( deadline <=1584934380 AND status = 2 )  [ RunTime:0.0010s ]
SQL: UPDATE `ysk_order` SET `status`='3' WHERE `order_id` = 583 [ RunTime:0.0000s ]
SQL: SELECT * FROM `ysk_order` WHERE `order_id` = 583 LIMIT 1   [ RunTime:0.0000s ]
SQL: SHOW COLUMNS FROM `ysk_gerenshangpu` [ RunTime:0.0050s ]
SQL: SELECT `cangku_ratio` FROM ysk_gerenshangpu gr INNER JOIN ysk_product_cate pc ON gr.shop_cate=pc.id  WHERE gr.userid = '8748' LIMIT 1   [ RunTime:0.0000s ]
SQL: SHOW COLUMNS FROM `ysk_store` [ RunTime:0.0050s ]
SQL: UPDATE `ysk_store` SET `cangku_num`=cangku_num+50 WHERE `uid` = 1 [ RunTime:0.0000s ]
SQL: UPDATE `ysk_store` SET `cangku_num`=cangku_num+0 WHERE `uid` = 8748 [ RunTime:0.0000s ]
SQL: SELECT `cangku_num` FROM `ysk_store` WHERE `uid` = 8748 LIMIT 1   [ RunTime:0.0010s ]
SQL: SHOW COLUMNS FROM `ysk_tranmoney` [ RunTime:0.0050s ]
SQL: INSERT INTO `ysk_tranmoney` (`pay_id`,`get_id`,`get_nums`,`get_type`,`now_nums`,`now_nums_get`) VALUES ('0','8748','0','36','1026.01','1026.01') [ RunTime:0.0000s ]
SQL: SHOW COLUMNS FROM `ysk_order_detail` [ RunTime:0.0040s ]
SQL: SELECT `com_id`,`com_num` FROM `ysk_order_detail` WHERE `order_id` = 583  [ RunTime:0.0000s ]
NOTIC: [8] Undefined index: set_meal F:\web\ymm\shop\SAdmin\Controller\CommonController.class.php 第 109 行.
SQL: UPDATE `ysk_order` SET `status`='2' WHERE `order_id` = 583 [ RunTime:0.0010s ]
SQL: UPDATE `ysk_order` SET `status`='3' WHERE `order_id` = 590 [ RunTime:0.0000s ]
SQL: SELECT * FROM `ysk_order` WHERE `order_id` = 590 LIMIT 1   [ RunTime:0.0010s ]
SQL: SELECT `cangku_ratio` FROM ysk_gerenshangpu gr INNER JOIN ysk_product_cate pc ON gr.shop_cate=pc.id  WHERE gr.userid = '8748' LIMIT 1   [ RunTime:0.0000s ]
SQL: UPDATE `ysk_store` SET `cangku_num`=cangku_num+80 WHERE `uid` = 1 [ RunTime:0.0010s ]
SQL: UPDATE `ysk_store` SET `cangku_num`=cangku_num+0 WHERE `uid` = 8748 [ RunTime:0.0000s ]
SQL: SELECT `cangku_num` FROM `ysk_store` WHERE `uid` = 8748 LIMIT 1   [ RunTime:0.0000s ]
SQL: INSERT INTO `ysk_tranmoney` (`pay_id`,`get_id`,`get_nums`,`get_type`,`now_nums`,`now_nums_get`) VALUES ('0','8748','0','36','1026.01','1026.01') [ RunTime:0.0010s ]
SQL: SELECT `com_id`,`com_num` FROM `ysk_order_detail` WHERE `order_id` = 590  [ RunTime:0.0000s ]
NOTIC: [8] Undefined index: set_meal F:\web\ymm\shop\SAdmin\Controller\CommonController.class.php 第 109 行.
SQL: UPDATE `ysk_order` SET `status`='2' WHERE `order_id` = 590 [ RunTime:0.0010s ]
SQL: UPDATE `ysk_order` SET `status`='3' WHERE `order_id` = 592 [ RunTime:0.0010s ]
SQL: SELECT * FROM `ysk_order` WHERE `order_id` = 592 LIMIT 1   [ RunTime:0.0000s ]
SQL: SELECT `cangku_ratio` FROM ysk_gerenshangpu gr INNER JOIN ysk_product_cate pc ON gr.shop_cate=pc.id  WHERE gr.userid = '8748' LIMIT 1   [ RunTime:0.0000s ]
SQL: UPDATE `ysk_store` SET `cangku_num`=cangku_num+20 WHERE `uid` = 1 [ RunTime:0.0000s ]
SQL: UPDATE `ysk_store` SET `cangku_num`=cangku_num+0 WHERE `uid` = 8748 [ RunTime:0.0000s ]
SQL: SELECT `cangku_num` FROM `ysk_store` WHERE `uid` = 8748 LIMIT 1   [ RunTime:0.0000s ]
SQL: INSERT INTO `ysk_tranmoney` (`pay_id`,`get_id`,`get_nums`,`get_type`,`now_nums`,`now_nums_get`) VALUES ('0','8748','0','36','1026.01','1026.01') [ RunTime:0.0000s ]
SQL: SELECT `com_id`,`com_num` FROM `ysk_order_detail` WHERE `order_id` = 592  [ RunTime:0.0000s ]
NOTIC: [8] Undefined index: set_meal F:\web\ymm\shop\SAdmin\Controller\CommonController.class.php 第 109 行.
SQL: UPDATE `ysk_order` SET `status`='2' WHERE `order_id` = 592 [ RunTime:0.0010s ]
SQL: UPDATE `ysk_order` SET `status`='3' WHERE `order_id` = 593 [ RunTime:0.0000s ]
SQL: SELECT * FROM `ysk_order` WHERE `order_id` = 593 LIMIT 1   [ RunTime:0.0000s ]
SQL: SELECT `cangku_ratio` FROM ysk_gerenshangpu gr INNER JOIN ysk_product_cate pc ON gr.shop_cate=pc.id  WHERE gr.userid = '8748' LIMIT 1   [ RunTime:0.0010s ]
SQL: UPDATE `ysk_store` SET `cangku_num`=cangku_num+50 WHERE `uid` = 1 [ RunTime:0.0000s ]
SQL: UPDATE `ysk_store` SET `cangku_num`=cangku_num+0 WHERE `uid` = 8748 [ RunTime:0.0000s ]
SQL: SELECT `cangku_num` FROM `ysk_store` WHERE `uid` = 8748 LIMIT 1   [ RunTime:0.0000s ]
SQL: INSERT INTO `ysk_tranmoney` (`pay_id`,`get_id`,`get_nums`,`get_type`,`now_nums`,`now_nums_get`) VALUES ('0','8748','0','36','1026.01','1026.01') [ RunTime:0.0000s ]
SQL: SELECT `com_id`,`com_num` FROM `ysk_order_detail` WHERE `order_id` = 593  [ RunTime:0.0010s ]
NOTIC: [8] Undefined index: set_meal F:\web\ymm\shop\SAdmin\Controller\CommonController.class.php 第 109 行.
SQL: UPDATE `ysk_order` SET `status`='2' WHERE `order_id` = 593 [ RunTime:0.0010s ]
SQL: UPDATE `ysk_order` SET `status`='3' WHERE `order_id` = 654 [ RunTime:0.0000s ]
SQL: SELECT * FROM `ysk_order` WHERE `order_id` = 654 LIMIT 1   [ RunTime:0.0000s ]
SQL: SELECT `cangku_ratio` FROM ysk_gerenshangpu gr INNER JOIN ysk_product_cate pc ON gr.shop_cate=pc.id  WHERE gr.userid = '9183' LIMIT 1   [ RunTime:0.0000s ]
SQL: UPDATE `ysk_store` SET `cangku_num`=cangku_num+350 WHERE `uid` = 1 [ RunTime:0.0000s ]
SQL: UPDATE `ysk_store` SET `cangku_num`=cangku_num+0 WHERE `uid` = 9183 [ RunTime:0.0000s ]
SQL: SELECT `cangku_num` FROM `ysk_store` WHERE `uid` = 9183 LIMIT 1   [ RunTime:0.0000s ]
SQL: INSERT INTO `ysk_tranmoney` (`pay_id`,`get_id`,`get_nums`,`get_type`,`now_nums`,`now_nums_get`) VALUES ('0','9183','0','36','2410.50','2410.50') [ RunTime:0.0000s ]
SQL: SELECT `com_id`,`com_num` FROM `ysk_order_detail` WHERE `order_id` = 654  [ RunTime:0.0010s ]
NOTIC: [8] Undefined index: set_meal F:\web\ymm\shop\SAdmin\Controller\CommonController.class.php 第 109 行.
SQL: UPDATE `ysk_order` SET `status`='2' WHERE `order_id` = 654 [ RunTime:0.0000s ]
SQL: SHOW COLUMNS FROM `ysk_goods` [ RunTime:0.0060s ]
SQL: SHOW COLUMNS FROM `ysk_product_cate` [ RunTime:0.0050s ]
SQL: SELECT * FROM `ysk_product_cate`  [ RunTime:0.0010s ]
SQL: SELECT COUNT(*) AS tp_count FROM `ysk_product_cate` WHERE `pid` = 5 LIMIT 1   [ RunTime:0.0000s ]
SQL: SELECT COUNT(*) AS tp_count FROM `ysk_product_cate` WHERE `pid` = 15 LIMIT 1   [ RunTime:0.0000s ]
SQL: SELECT COUNT(*) AS tp_count FROM `ysk_product_cate` WHERE `pid` = 16 LIMIT 1   [ RunTime:0.0000s ]
SQL: SELECT COUNT(*) AS tp_count FROM `ysk_product_cate` WHERE `pid` = 22 LIMIT 1   [ RunTime:0.0000s ]
SQL: SELECT COUNT(*) AS tp_count FROM `ysk_product_cate` WHERE `pid` = 23 LIMIT 1   [ RunTime:0.0000s ]
SQL: SELECT COUNT(*) AS tp_count FROM `ysk_product_cate` WHERE `pid` = 35 LIMIT 1   [ RunTime:0.0000s ]
SQL: SELECT COUNT(*) AS tp_count FROM `ysk_product_cate` WHERE `pid` = 36 LIMIT 1   [ RunTime:0.0000s ]
SQL: SELECT COUNT(*) AS tp_count FROM `ysk_product_cate` WHERE `pid` = 77 LIMIT 1   [ RunTime:0.0000s ]
SQL: SELECT COUNT(*) AS tp_count FROM `ysk_product_cate` WHERE `pid` = 71 LIMIT 1   [ RunTime:0.0010s ]
SQL: SELECT COUNT(*) AS tp_count FROM `ysk_product_cate` WHERE `pid` = 47 LIMIT 1   [ RunTime:0.0000s ]
SQL: SELECT COUNT(*) AS tp_count FROM `ysk_product_cate` WHERE `pid` = 79 LIMIT 1   [ RunTime:0.0000s ]
SQL: SELECT COUNT(*) AS tp_count FROM `ysk_product_cate` WHERE `pid` = 49 LIMIT 1   [ RunTime:0.0010s ]
SQL: SELECT COUNT(*) AS tp_count FROM `ysk_product_cate` WHERE `pid` = 50 LIMIT 1   [ RunTime:0.0000s ]
SQL: SELECT COUNT(*) AS tp_count FROM `ysk_product_cate` WHERE `pid` = 54 LIMIT 1   [ RunTime:0.0000s ]
SQL: SELECT COUNT(*) AS tp_count FROM `ysk_product_cate` WHERE `pid` = 60 LIMIT 1   [ RunTime:0.0010s ]
SQL: SELECT COUNT(*) AS tp_count FROM `ysk_product_cate` WHERE `pid` = 61 LIMIT 1   [ RunTime:0.0000s ]
SQL: SELECT COUNT(*) AS tp_count FROM `ysk_product_cate` WHERE `pid` = 67 LIMIT 1   [ RunTime:0.0000s ]
SQL: SELECT COUNT(*) AS tp_count FROM `ysk_product_cate` WHERE `pid` = 66 LIMIT 1   [ RunTime:0.0010s ]
SQL: SELECT COUNT(*) AS tp_count FROM `ysk_product_cate` WHERE `pid` = 80 LIMIT 1   [ RunTime:0.0000s ]
SQL: SELECT COUNT(*) AS tp_count FROM `ysk_product_cate` WHERE `pid` = 69 LIMIT 1   [ RunTime:0.0000s ]
SQL: SELECT COUNT(*) AS tp_count FROM `ysk_product_cate` WHERE `pid` = 70 LIMIT 1   [ RunTime:0.0010s ]
SQL: SELECT COUNT(*) AS tp_count FROM `ysk_product_cate` WHERE `pid` = 86 LIMIT 1   [ RunTime:0.0000s ]
SQL: SELECT COUNT(*) AS tp_count FROM `ysk_product_cate` WHERE `pid` = 90 LIMIT 1   [ RunTime:0.0000s ]
SQL: SELECT COUNT(*) AS tp_count FROM `ysk_product_cate` WHERE `pid` = 78 LIMIT 1   [ RunTime:0.0010s ]
SQL: SHOW COLUMNS FROM `ysk_product_detail` [ RunTime:0.0060s ]
SQL: SELECT * FROM `ysk_product_detail` WHERE `id` = 663 LIMIT 1   [ RunTime:0.0000s ]
SQL: SHOW COLUMNS FROM `ysk_product_parameter` [ RunTime:0.0050s ]
SQL: SELECT * FROM `ysk_product_parameter` WHERE `gid` = 663  [ RunTime:0.0000s ]
NOTIC: [8] Undefined variable: i F:\web\ymm\shop\SAdmin\Controller\GoodsController.class.php 第 391 行.
INFO: [ view_parse ] --START--
INFO: [ template_filter ] --START--
INFO: Run Behavior\ContentReplaceBehavior [ RunTime:0.000000s ]
INFO: [ template_filter ] --END-- [ RunTime:0.000000s ]
SQL: SHOW COLUMNS FROM `nc_menu` [ RunTime:0.0050s ]
SQL: SELECT * FROM `nc_menu` ORDER BY sort_order  [ RunTime:0.0000s ]
INFO: [ view_parse ] --START--
INFO: [ template_filter ] --START--
INFO: Run Behavior\ContentReplaceBehavior [ RunTime:0.000000s ]
INFO: [ template_filter ] --END-- [ RunTime:-0.019001s ]
INFO: Run Behavior\ParseTemplateBehavior [ RunTime:0.006000s ]
INFO: [ view_parse ] --END-- [ RunTime:0.006000s ]
INFO: [ view_filter ] --START--
INFO: Run Behavior\WriteHtmlCacheBehavior [ RunTime:0.000000s ]
INFO: [ view_filter ] --END-- [ RunTime:0.000000s ]
NOTIC: [8] Undefined variable: option_row F:\web\ymm\Runtime\Cache\SAdmin\8f79d42b4a5823a299db89cb2a9e499d.php 第 671 行.
NOTIC: [8] Undefined variable: button_option_value_add F:\web\ymm\Runtime\Cache\SAdmin\8f79d42b4a5823a299db89cb2a9e499d.php 第 732 行.
NOTIC: [8] Undefined variable: option_value_row F:\web\ymm\Runtime\Cache\SAdmin\8f79d42b4a5823a299db89cb2a9e499d.php 第 758 行.
NOTIC: [8] Undefined variable: entry_price F:\web\ymm\Runtime\Cache\SAdmin\8f79d42b4a5823a299db89cb2a9e499d.php 第 782 行.
NOTIC: [8] Undefined variable: entry_weight F:\web\ymm\Runtime\Cache\SAdmin\8f79d42b4a5823a299db89cb2a9e499d.php 第 788 行.
NOTIC: [8] Undefined variable: button_remove F:\web\ymm\Runtime\Cache\SAdmin\8f79d42b4a5823a299db89cb2a9e499d.php 第 792 行.
NOTIC: [8] Undefined variable: image_row F:\web\ymm\Runtime\Cache\SAdmin\8f79d42b4a5823a299db89cb2a9e499d.php 第 828 行.
INFO: Run Behavior\ParseTemplateBehavior [ RunTime:0.007000s ]
INFO: [ view_parse ] --END-- [ RunTime:0.006000s ]
INFO: [ view_filter ] --START--
INFO: Run Behavior\WriteHtmlCacheBehavior [ RunTime:0.000000s ]
INFO: [ view_filter ] --END-- [ RunTime:-0.001000s ]
INFO: [ app_end ] --START--
INFO: Run Behavior\ShowPageTraceBehavior [ RunTime:0.001000s ]
INFO: [ app_end ] --END-- [ RunTime:0.001000s ]

[ 2020-03-23T11:33:13+08:00 ] 127.0.0.1 /nc.php?s=/Goods/edit.html
INFO: [ app_init ] --START--
INFO: Run Behavior\BuildLiteBehavior [ RunTime:0.000000s ]
INFO: [ app_init ] --END-- [ RunTime:0.000000s ]
INFO: [ app_begin ] --START--
INFO: Run Behavior\ReadHtmlCacheBehavior [ RunTime:0.000000s ]
INFO: Run Common\Behavior\CheckLangBehavior [ RunTime:0.003000s ]
NOTIC: [8] Constant LANG_SET already defined F:\web\ymm\ThinkPHP\Library\Behavior\CheckLangBehavior.class.php 第 55 行.
INFO: Run Behavior\CheckLangBehavior [ RunTime:0.002000s ]
INFO: [ app_begin ] --END-- [ RunTime:0.005000s ]
SQL: SHOW COLUMNS FROM `ysk_order` [ RunTime:0.0060s ]
SQL: SELECT `order_id` FROM `ysk_order` WHERE ( deadline <=1584934393 AND status = 2 )  [ RunTime:0.0000s ]
SQL: UPDATE `ysk_order` SET `status`='3' WHERE `order_id` = 583 [ RunTime:0.0000s ]
SQL: SELECT * FROM `ysk_order` WHERE `order_id` = 583 LIMIT 1   [ RunTime:0.0000s ]
SQL: SHOW COLUMNS FROM `ysk_gerenshangpu` [ RunTime:0.0050s ]
SQL: SELECT `cangku_ratio` FROM ysk_gerenshangpu gr INNER JOIN ysk_product_cate pc ON gr.shop_cate=pc.id  WHERE gr.userid = '8748' LIMIT 1   [ RunTime:0.0000s ]
SQL: SHOW COLUMNS FROM `ysk_store` [ RunTime:0.0060s ]
SQL: UPDATE `ysk_store` SET `cangku_num`=cangku_num+50 WHERE `uid` = 1 [ RunTime:0.0000s ]
SQL: UPDATE `ysk_store` SET `cangku_num`=cangku_num+0 WHERE `uid` = 8748 [ RunTime:0.0000s ]
SQL: SELECT `cangku_num` FROM `ysk_store` WHERE `uid` = 8748 LIMIT 1   [ RunTime:0.0000s ]
SQL: SHOW COLUMNS FROM `ysk_tranmoney` [ RunTime:0.0050s ]
SQL: INSERT INTO `ysk_tranmoney` (`pay_id`,`get_id`,`get_nums`,`get_type`,`now_nums`,`now_nums_get`) VALUES ('0','8748','0','36','1026.01','1026.01') [ RunTime:0.0000s ]
SQL: SHOW COLUMNS FROM `ysk_order_detail` [ RunTime:0.0040s ]
SQL: SELECT `com_id`,`com_num` FROM `ysk_order_detail` WHERE `order_id` = 583  [ RunTime:0.0000s ]
NOTIC: [8] Undefined index: set_meal F:\web\ymm\shop\SAdmin\Controller\CommonController.class.php 第 109 行.
SQL: UPDATE `ysk_order` SET `status`='2' WHERE `order_id` = 583 [ RunTime:0.0000s ]
SQL: UPDATE `ysk_order` SET `status`='3' WHERE `order_id` = 590 [ RunTime:0.0000s ]
SQL: SELECT * FROM `ysk_order` WHERE `order_id` = 590 LIMIT 1   [ RunTime:0.0010s ]
SQL: SELECT `cangku_ratio` FROM ysk_gerenshangpu gr INNER JOIN ysk_product_cate pc ON gr.shop_cate=pc.id  WHERE gr.userid = '8748' LIMIT 1   [ RunTime:0.0000s ]
SQL: UPDATE `ysk_store` SET `cangku_num`=cangku_num+80 WHERE `uid` = 1 [ RunTime:0.0000s ]
SQL: UPDATE `ysk_store` SET `cangku_num`=cangku_num+0 WHERE `uid` = 8748 [ RunTime:0.0000s ]
SQL: SELECT `cangku_num` FROM `ysk_store` WHERE `uid` = 8748 LIMIT 1   [ RunTime:0.0000s ]
SQL: INSERT INTO `ysk_tranmoney` (`pay_id`,`get_id`,`get_nums`,`get_type`,`now_nums`,`now_nums_get`) VALUES ('0','8748','0','36','1026.01','1026.01') [ RunTime:0.0010s ]
SQL: SELECT `com_id`,`com_num` FROM `ysk_order_detail` WHERE `order_id` = 590  [ RunTime:0.0000s ]
NOTIC: [8] Undefined index: set_meal F:\web\ymm\shop\SAdmin\Controller\CommonController.class.php 第 109 行.
SQL: UPDATE `ysk_order` SET `status`='2' WHERE `order_id` = 590 [ RunTime:0.0000s ]
SQL: UPDATE `ysk_order` SET `status`='3' WHERE `order_id` = 592 [ RunTime:0.0000s ]
SQL: SELECT * FROM `ysk_order` WHERE `order_id` = 592 LIMIT 1   [ RunTime:0.0000s ]
SQL: SELECT `cangku_ratio` FROM ysk_gerenshangpu gr INNER JOIN ysk_product_cate pc ON gr.shop_cate=pc.id  WHERE gr.userid = '8748' LIMIT 1   [ RunTime:0.0010s ]
SQL: UPDATE `ysk_store` SET `cangku_num`=cangku_num+20 WHERE `uid` = 1 [ RunTime:0.0000s ]
SQL: UPDATE `ysk_store` SET `cangku_num`=cangku_num+0 WHERE `uid` = 8748 [ RunTime:0.0000s ]
SQL: SELECT `cangku_num` FROM `ysk_store` WHERE `uid` = 8748 LIMIT 1   [ RunTime:0.0000s ]
SQL: INSERT INTO `ysk_tranmoney` (`pay_id`,`get_id`,`get_nums`,`get_type`,`now_nums`,`now_nums_get`) VALUES ('0','8748','0','36','1026.01','1026.01') [ RunTime:0.0000s ]
SQL: SELECT `com_id`,`com_num` FROM `ysk_order_detail` WHERE `order_id` = 592  [ RunTime:0.0000s ]
NOTIC: [8] Undefined index: set_meal F:\web\ymm\shop\SAdmin\Controller\CommonController.class.php 第 109 行.
SQL: UPDATE `ysk_order` SET `status`='2' WHERE `order_id` = 592 [ RunTime:0.0000s ]
SQL: UPDATE `ysk_order` SET `status`='3' WHERE `order_id` = 593 [ RunTime:0.0000s ]
SQL: SELECT * FROM `ysk_order` WHERE `order_id` = 593 LIMIT 1   [ RunTime:0.0010s ]
SQL: SELECT `cangku_ratio` FROM ysk_gerenshangpu gr INNER JOIN ysk_product_cate pc ON gr.shop_cate=pc.id  WHERE gr.userid = '8748' LIMIT 1   [ RunTime:0.0010s ]
SQL: UPDATE `ysk_store` SET `cangku_num`=cangku_num+50 WHERE `uid` = 1 [ RunTime:0.0000s ]
SQL: UPDATE `ysk_store` SET `cangku_num`=cangku_num+0 WHERE `uid` = 8748 [ RunTime:0.0010s ]
SQL: SELECT `cangku_num` FROM `ysk_store` WHERE `uid` = 8748 LIMIT 1   [ RunTime:0.0000s ]
SQL: INSERT INTO `ysk_tranmoney` (`pay_id`,`get_id`,`get_nums`,`get_type`,`now_nums`,`now_nums_get`) VALUES ('0','8748','0','36','1026.01','1026.01') [ RunTime:0.0000s ]
SQL: SELECT `com_id`,`com_num` FROM `ysk_order_detail` WHERE `order_id` = 593  [ RunTime:0.0000s ]
NOTIC: [8] Undefined index: set_meal F:\web\ymm\shop\SAdmin\Controller\CommonController.class.php 第 109 行.
SQL: UPDATE `ysk_order` SET `status`='2' WHERE `order_id` = 593 [ RunTime:0.0010s ]
SQL: UPDATE `ysk_order` SET `status`='3' WHERE `order_id` = 654 [ RunTime:0.0000s ]
SQL: SELECT * FROM `ysk_order` WHERE `order_id` = 654 LIMIT 1   [ RunTime:0.0000s ]
SQL: SELECT `cangku_ratio` FROM ysk_gerenshangpu gr INNER JOIN ysk_product_cate pc ON gr.shop_cate=pc.id  WHERE gr.userid = '9183' LIMIT 1   [ RunTime:0.0010s ]
SQL: UPDATE `ysk_store` SET `cangku_num`=cangku_num+350 WHERE `uid` = 1 [ RunTime:0.0000s ]
SQL: UPDATE `ysk_store` SET `cangku_num`=cangku_num+0 WHERE `uid` = 9183 [ RunTime:0.0000s ]
SQL: SELECT `cangku_num` FROM `ysk_store` WHERE `uid` = 9183 LIMIT 1   [ RunTime:0.0000s ]
SQL: INSERT INTO `ysk_tranmoney` (`pay_id`,`get_id`,`get_nums`,`get_type`,`now_nums`,`now_nums_get`) VALUES ('0','9183','0','36','2410.50','2410.50') [ RunTime:0.0010s ]
SQL: SELECT `com_id`,`com_num` FROM `ysk_order_detail` WHERE `order_id` = 654  [ RunTime:0.0000s ]
NOTIC: [8] Undefined index: set_meal F:\web\ymm\shop\SAdmin\Controller\CommonController.class.php 第 109 行.
SQL: UPDATE `ysk_order` SET `status`='2' WHERE `order_id` = 654 [ RunTime:0.0000s ]
SQL: SHOW COLUMNS FROM `ysk_goods` [ RunTime:0.0080s ]
NOTIC: [8] Undefined index: s_desc F:\web\ymm\shop\SAdmin\Model\GoodsModel.class.php 第 325 行.
NOTIC: [8] Undefined index: old_price F:\web\ymm\shop\SAdmin\Model\GoodsModel.class.php 第 327 行.
NOTIC: [8] Undefined index: address F:\web\ymm\shop\SAdmin\Model\GoodsModel.class.php 第 335 行.
NOTIC: [8] Undefined index: is_teshu F:\web\ymm\shop\SAdmin\Model\GoodsModel.class.php 第 355 行.
NOTIC: [8] Undefined index: xiaofei_bili F:\web\ymm\shop\SAdmin\Model\GoodsModel.class.php 第 357 行.
NOTIC: [8] Undefined index: sanji_use F:\web\ymm\shop\SAdmin\Model\GoodsModel.class.php 第 359 行.
NOTIC: [8] Undefined index: color_cate F:\web\ymm\shop\SAdmin\Model\GoodsModel.class.php 第 362 行.
NOTIC: [8] Undefined index: csize F:\web\ymm\shop\SAdmin\Model\GoodsModel.class.php 第 363 行.
NOTIC: [8] Undefined index: jifen_type F:\web\ymm\shop\SAdmin\Model\GoodsModel.class.php 第 365 行.
NOTIC: [2] Invalid argument supplied for foreach() F:\web\ymm\shop\SAdmin\Model\GoodsModel.class.php 第 365 行.
NOTIC: [8] Undefined index: stock F:\web\ymm\shop\SAdmin\Model\GoodsModel.class.php 第 373 行.
NOTIC: [8] Undefined index: status F:\web\ymm\shop\SAdmin\Model\GoodsModel.class.php 第 375 行.
NOTIC: [8] Undefined index: kaijiang_nums F:\web\ymm\shop\SAdmin\Model\GoodsModel.class.php 第 378 行.
SQL: SHOW COLUMNS FROM `ysk_product_parameter` [ RunTime:0.0070s ]
SQL: DELETE FROM `ysk_product_parameter` WHERE ( gid=663 ) [ RunTime:0.0010s ]
SQL: INSERT INTO `ysk_product_parameter` (`gid`,`type`,`price`,`kucun`,`jifen_nums`) VALUES ('663','航粒香 天府璀钻有机大米 10斤装','0.1','5299','0.00') [ RunTime:0.0010s ]
SQL: SHOW COLUMNS FROM `ysk_product_detail` [ RunTime:0.0090s ]
SQL: UPDATE `ysk_product_detail` SET `name`='航粒香 天府璀钻有机大米',`type_id`='90',`s_desc`=NULL,`old_price`=NULL,`pic`='/Uploads/image/product/5e0ffbef1d3d9.jpg',`pic1`='/Uploads/image/product/5e0ffbf4b0bf2.jpg',`pic2`='/Uploads/image/product/5e0ffbf83825c.jpg',`pic3`='',`pic4`='',`pic5`='',`freight`='0',`address`=NULL,`is_sort`='0',`is_hot`='1',`is_new`='1',`is_shangjia`='1',`is_duobao`='1',`set_meal`='0',`is_tuijian`='1',`zhifu_pay`='0,2,1,3',`is_teshu`=NULL,`xiaofei_bili`=NULL,`sanji_use`=NULL,`color_cate`=NULL,`csize`=NULL,`jifen_type`='',`stock`=NULL,`content`='&lt;p&gt;&lt;img alt=&quot;&quot; src=&quot;/Uploads/image/goods_description/2020-01-04/5e0ffc8bc717e.jpg&quot; /&gt;&lt;/p&gt;
',`status`=NULL,`jifen_nums`='0.00',`kaijiang_nums`=NULL,`return_balance`='0.00' WHERE `id` = 663 [ RunTime:0.0000s ]
INFO: [ view_parse ] --START--
INFO: [ template_filter ] --START--
INFO: Run Behavior\ContentReplaceBehavior [ RunTime:0.000000s ]
INFO: [ template_filter ] --END-- [ RunTime:0.000000s ]
INFO: Run Behavior\ParseTemplateBehavior [ RunTime:0.010001s ]
INFO: [ view_parse ] --END-- [ RunTime:0.011001s ]
INFO: [ view_filter ] --START--
INFO: Run Behavior\WriteHtmlCacheBehavior [ RunTime:0.000000s ]
INFO: [ view_filter ] --END-- [ RunTime:0.000000s ]

[ 2020-03-23T11:33:14+08:00 ] 127.0.0.1 /nc.php?s=/Goods/index.html
INFO: [ app_init ] --START--
INFO: Run Behavior\BuildLiteBehavior [ RunTime:0.000000s ]
INFO: [ app_init ] --END-- [ RunTime:0.000000s ]
INFO: [ app_begin ] --START--
INFO: Run Behavior\ReadHtmlCacheBehavior [ RunTime:0.001000s ]
INFO: Run Common\Behavior\CheckLangBehavior [ RunTime:0.001000s ]
NOTIC: [8] Constant LANG_SET already defined F:\web\ymm\ThinkPHP\Library\Behavior\CheckLangBehavior.class.php 第 55 行.
INFO: Run Behavior\CheckLangBehavior [ RunTime:0.002000s ]
INFO: [ app_begin ] --END-- [ RunTime:0.004000s ]
SQL: SHOW COLUMNS FROM `ysk_order` [ RunTime:0.0050s ]
SQL: SELECT `order_id` FROM `ysk_order` WHERE ( deadline <=1584934394 AND status = 2 )  [ RunTime:0.0010s ]
SQL: UPDATE `ysk_order` SET `status`='3' WHERE `order_id` = 583 [ RunTime:0.0000s ]
SQL: SELECT * FROM `ysk_order` WHERE `order_id` = 583 LIMIT 1   [ RunTime:0.0000s ]
SQL: SHOW COLUMNS FROM `ysk_gerenshangpu` [ RunTime:0.0060s ]
SQL: SELECT `cangku_ratio` FROM ysk_gerenshangpu gr INNER JOIN ysk_product_cate pc ON gr.shop_cate=pc.id  WHERE gr.userid = '8748' LIMIT 1   [ RunTime:0.0000s ]
SQL: SHOW COLUMNS FROM `ysk_store` [ RunTime:0.0050s ]
SQL: UPDATE `ysk_store` SET `cangku_num`=cangku_num+50 WHERE `uid` = 1 [ RunTime:0.0000s ]
SQL: UPDATE `ysk_store` SET `cangku_num`=cangku_num+0 WHERE `uid` = 8748 [ RunTime:0.0000s ]
SQL: SELECT `cangku_num` FROM `ysk_store` WHERE `uid` = 8748 LIMIT 1   [ RunTime:0.0000s ]
SQL: SHOW COLUMNS FROM `ysk_tranmoney` [ RunTime:0.0040s ]
SQL: INSERT INTO `ysk_tranmoney` (`pay_id`,`get_id`,`get_nums`,`get_type`,`now_nums`,`now_nums_get`) VALUES ('0','8748','0','36','1026.01','1026.01') [ RunTime:0.0000s ]
SQL: SHOW COLUMNS FROM `ysk_order_detail` [ RunTime:0.0060s ]
SQL: SELECT `com_id`,`com_num` FROM `ysk_order_detail` WHERE `order_id` = 583  [ RunTime:0.0000s ]
NOTIC: [8] Undefined index: set_meal F:\web\ymm\shop\SAdmin\Controller\CommonController.class.php 第 109 行.
SQL: UPDATE `ysk_order` SET `status`='2' WHERE `order_id` = 583 [ RunTime:0.0000s ]
SQL: UPDATE `ysk_order` SET `status`='3' WHERE `order_id` = 590 [ RunTime:0.0000s ]
SQL: SELECT * FROM `ysk_order` WHERE `order_id` = 590 LIMIT 1   [ RunTime:0.0000s ]
SQL: SELECT `cangku_ratio` FROM ysk_gerenshangpu gr INNER JOIN ysk_product_cate pc ON gr.shop_cate=pc.id  WHERE gr.userid = '8748' LIMIT 1   [ RunTime:0.0010s ]
SQL: UPDATE `ysk_store` SET `cangku_num`=cangku_num+80 WHERE `uid` = 1 [ RunTime:0.0000s ]
SQL: UPDATE `ysk_store` SET `cangku_num`=cangku_num+0 WHERE `uid` = 8748 [ RunTime:0.0000s ]
SQL: SELECT `cangku_num` FROM `ysk_store` WHERE `uid` = 8748 LIMIT 1   [ RunTime:0.0000s ]
SQL: INSERT INTO `ysk_tranmoney` (`pay_id`,`get_id`,`get_nums`,`get_type`,`now_nums`,`now_nums_get`) VALUES ('0','8748','0','36','1026.01','1026.01') [ RunTime:0.0000s ]
SQL: SELECT `com_id`,`com_num` FROM `ysk_order_detail` WHERE `order_id` = 590  [ RunTime:0.0010s ]
NOTIC: [8] Undefined index: set_meal F:\web\ymm\shop\SAdmin\Controller\CommonController.class.php 第 109 行.
SQL: UPDATE `ysk_order` SET `status`='2' WHERE `order_id` = 590 [ RunTime:0.0000s ]
SQL: UPDATE `ysk_order` SET `status`='3' WHERE `order_id` = 592 [ RunTime:0.0000s ]
SQL: SELECT * FROM `ysk_order` WHERE `order_id` = 592 LIMIT 1   [ RunTime:0.0000s ]
SQL: SELECT `cangku_ratio` FROM ysk_gerenshangpu gr INNER JOIN ysk_product_cate pc ON gr.shop_cate=pc.id  WHERE gr.userid = '8748' LIMIT 1   [ RunTime:0.0010s ]
SQL: UPDATE `ysk_store` SET `cangku_num`=cangku_num+20 WHERE `uid` = 1 [ RunTime:0.0000s ]
SQL: UPDATE `ysk_store` SET `cangku_num`=cangku_num+0 WHERE `uid` = 8748 [ RunTime:0.0000s ]
SQL: SELECT `cangku_num` FROM `ysk_store` WHERE `uid` = 8748 LIMIT 1   [ RunTime:0.0000s ]
SQL: INSERT INTO `ysk_tranmoney` (`pay_id`,`get_id`,`get_nums`,`get_type`,`now_nums`,`now_nums_get`) VALUES ('0','8748','0','36','1026.01','1026.01') [ RunTime:0.0010s ]
SQL: SELECT `com_id`,`com_num` FROM `ysk_order_detail` WHERE `order_id` = 592  [ RunTime:0.0000s ]
NOTIC: [8] Undefined index: set_meal F:\web\ymm\shop\SAdmin\Controller\CommonController.class.php 第 109 行.
SQL: UPDATE `ysk_order` SET `status`='2' WHERE `order_id` = 592 [ RunTime:0.0000s ]
SQL: UPDATE `ysk_order` SET `status`='3' WHERE `order_id` = 593 [ RunTime:0.0000s ]
SQL: SELECT * FROM `ysk_order` WHERE `order_id` = 593 LIMIT 1   [ RunTime:0.0010s ]
SQL: SELECT `cangku_ratio` FROM ysk_gerenshangpu gr INNER JOIN ysk_product_cate pc ON gr.shop_cate=pc.id  WHERE gr.userid = '8748' LIMIT 1   [ RunTime:0.0000s ]
SQL: UPDATE `ysk_store` SET `cangku_num`=cangku_num+50 WHERE `uid` = 1 [ RunTime:0.0000s ]
SQL: UPDATE `ysk_store` SET `cangku_num`=cangku_num+0 WHERE `uid` = 8748 [ RunTime:0.0010s ]
SQL: SELECT `cangku_num` FROM `ysk_store` WHERE `uid` = 8748 LIMIT 1   [ RunTime:0.0000s ]
SQL: INSERT INTO `ysk_tranmoney` (`pay_id`,`get_id`,`get_nums`,`get_type`,`now_nums`,`now_nums_get`) VALUES ('0','8748','0','36','1026.01','1026.01') [ RunTime:0.0000s ]
SQL: SELECT `com_id`,`com_num` FROM `ysk_order_detail` WHERE `order_id` = 593  [ RunTime:0.0010s ]
NOTIC: [8] Undefined index: set_meal F:\web\ymm\shop\SAdmin\Controller\CommonController.class.php 第 109 行.
SQL: UPDATE `ysk_order` SET `status`='2' WHERE `order_id` = 593 [ RunTime:0.0000s ]
SQL: UPDATE `ysk_order` SET `status`='3' WHERE `order_id` = 654 [ RunTime:0.0000s ]
SQL: SELECT * FROM `ysk_order` WHERE `order_id` = 654 LIMIT 1   [ RunTime:0.0010s ]
SQL: SELECT `cangku_ratio` FROM ysk_gerenshangpu gr INNER JOIN ysk_product_cate pc ON gr.shop_cate=pc.id  WHERE gr.userid = '9183' LIMIT 1   [ RunTime:0.0000s ]
SQL: UPDATE `ysk_store` SET `cangku_num`=cangku_num+350 WHERE `uid` = 1 [ RunTime:0.0000s ]
SQL: UPDATE `ysk_store` SET `cangku_num`=cangku_num+0 WHERE `uid` = 9183 [ RunTime:0.0010s ]
SQL: SELECT `cangku_num` FROM `ysk_store` WHERE `uid` = 9183 LIMIT 1   [ RunTime:0.0000s ]
SQL: INSERT INTO `ysk_tranmoney` (`pay_id`,`get_id`,`get_nums`,`get_type`,`now_nums`,`now_nums_get`) VALUES ('0','9183','0','36','2410.50','2410.50') [ RunTime:0.0000s ]
SQL: SELECT `com_id`,`com_num` FROM `ysk_order_detail` WHERE `order_id` = 654  [ RunTime:0.0010s ]
NOTIC: [8] Undefined index: set_meal F:\web\ymm\shop\SAdmin\Controller\CommonController.class.php 第 109 行.
SQL: UPDATE `ysk_order` SET `status`='2' WHERE `order_id` = 654 [ RunTime:0.0000s ]
SQL: SHOW COLUMNS FROM `ysk_goods` [ RunTime:0.0050s ]
SQL: SELECT pd.id,pd.type_id,pd.name,pd.price,pd.pic,pd.status,pd.shangjia,pd.stock,pd.ctime,pc.id as cid,pc.name as cname FROM ysk_product_detail pd,ysk_product_cate pc WHERE pd.type_id=pc.id and pd.is_duobao=1 [ RunTime:0.0020s ]
SQL: SELECT pd.id,pd.type_id,pd.name,pd.price,pd.pic,pd.status,pd.shangjia,pd.stock,pd.ctime,pc.id as cid,pc.name as cname FROM ysk_product_detail pd,ysk_product_cate pc WHERE pd.type_id=pc.id and pd.is_duobao=1 order by pd.ctime desc LIMIT 0,10 [ RunTime:0.0010s ]
SQL: SELECT * FROM ysk_product_parameter WHERE gid = 663 [ RunTime:0.0000s ]
SQL: SELECT * FROM ysk_product_parameter WHERE gid = 662 [ RunTime:0.0000s ]
SQL: SELECT * FROM ysk_product_parameter WHERE gid = 661 [ RunTime:0.0010s ]
SQL: SELECT * FROM ysk_product_parameter WHERE gid = 649 [ RunTime:0.0000s ]
SQL: SELECT * FROM ysk_product_parameter WHERE gid = 655 [ RunTime:0.0000s ]
SQL: SELECT * FROM ysk_product_parameter WHERE gid = 660 [ RunTime:0.0010s ]
SQL: SELECT * FROM ysk_product_parameter WHERE gid = 659 [ RunTime:0.0000s ]
SQL: SELECT * FROM ysk_product_parameter WHERE gid = 658 [ RunTime:0.0000s ]
SQL: SELECT * FROM ysk_product_parameter WHERE gid = 657 [ RunTime:0.0010s ]
SQL: SELECT * FROM ysk_product_parameter WHERE gid = 654 [ RunTime:0.0000s ]
SQL: SHOW COLUMNS FROM `ysk_product_cate` [ RunTime:0.0060s ]
SQL: SELECT * FROM `ysk_product_cate`  [ RunTime:0.0000s ]
INFO: [ view_parse ] --START--
INFO: [ template_filter ] --START--
INFO: Run Behavior\ContentReplaceBehavior [ RunTime:0.000000s ]
INFO: [ template_filter ] --END-- [ RunTime:0.000000s ]
SQL: SHOW COLUMNS FROM `nc_menu` [ RunTime:0.0070s ]
SQL: SELECT * FROM `nc_menu` ORDER BY sort_order  [ RunTime:0.0010s ]
INFO: [ view_parse ] --START--
INFO: [ template_filter ] --START--
INFO: Run Behavior\ContentReplaceBehavior [ RunTime:0.000000s ]
INFO: [ template_filter ] --END-- [ RunTime:-0.019001s ]
INFO: Run Behavior\ParseTemplateBehavior [ RunTime:0.006001s ]
INFO: [ view_parse ] --END-- [ RunTime:0.006001s ]
INFO: [ view_filter ] --START--
INFO: Run Behavior\WriteHtmlCacheBehavior [ RunTime:0.001000s ]
INFO: [ view_filter ] --END-- [ RunTime:0.001000s ]
SQL: SHOW COLUMNS FROM `ysk_product_detail` [ RunTime:0.0050s ]
SQL: SELECT * FROM `ysk_product_detail` WHERE `id` = 663 LIMIT 1   [ RunTime:0.0000s ]
SQL: SHOW COLUMNS FROM `ysk_gerenshangpu` [ RunTime:0.0050s ]
SQL: SELECT * FROM `ysk_gerenshangpu` WHERE `userid` = 0 LIMIT 1   [ RunTime:0.0010s ]
SQL: SELECT * FROM `ysk_product_detail` WHERE `id` = 662 LIMIT 1   [ RunTime:0.0000s ]
SQL: SELECT * FROM `ysk_gerenshangpu` WHERE `userid` = 0 LIMIT 1   [ RunTime:0.0000s ]
SQL: SELECT * FROM `ysk_product_detail` WHERE `id` = 661 LIMIT 1   [ RunTime:0.0000s ]
SQL: SELECT * FROM `ysk_gerenshangpu` WHERE `userid` = 0 LIMIT 1   [ RunTime:0.0000s ]
SQL: SELECT * FROM `ysk_product_detail` WHERE `id` = 649 LIMIT 1   [ RunTime:0.0000s ]
SQL: SELECT * FROM `ysk_gerenshangpu` WHERE `userid` = 9319 LIMIT 1   [ RunTime:0.0010s ]
SQL: SELECT * FROM `ysk_product_detail` WHERE `id` = 655 LIMIT 1   [ RunTime:0.0000s ]
SQL: SELECT * FROM `ysk_gerenshangpu` WHERE `userid` = 9319 LIMIT 1   [ RunTime:0.0000s ]
SQL: SELECT * FROM `ysk_product_detail` WHERE `id` = 660 LIMIT 1   [ RunTime:0.0000s ]
SQL: SELECT * FROM `ysk_gerenshangpu` WHERE `userid` = 9319 LIMIT 1   [ RunTime:0.0000s ]
SQL: SELECT * FROM `ysk_product_detail` WHERE `id` = 659 LIMIT 1   [ RunTime:0.0010s ]
SQL: SELECT * FROM `ysk_gerenshangpu` WHERE `userid` = 9319 LIMIT 1   [ RunTime:0.0000s ]
SQL: SELECT * FROM `ysk_product_detail` WHERE `id` = 658 LIMIT 1   [ RunTime:0.0010s ]
SQL: SELECT * FROM `ysk_gerenshangpu` WHERE `userid` = 9319 LIMIT 1   [ RunTime:0.0000s ]
SQL: SELECT * FROM `ysk_product_detail` WHERE `id` = 657 LIMIT 1   [ RunTime:0.0010s ]
SQL: SELECT * FROM `ysk_gerenshangpu` WHERE `userid` = 9319 LIMIT 1   [ RunTime:0.0000s ]
SQL: SELECT * FROM `ysk_product_detail` WHERE `id` = 654 LIMIT 1   [ RunTime:0.0010s ]
SQL: SELECT * FROM `ysk_gerenshangpu` WHERE `userid` = 9319 LIMIT 1   [ RunTime:0.0000s ]
INFO: Run Behavior\ParseTemplateBehavior [ RunTime:0.027002s ]
INFO: [ view_parse ] --END-- [ RunTime:0.006001s ]
INFO: [ view_filter ] --START--
INFO: Run Behavior\WriteHtmlCacheBehavior [ RunTime:0.000000s ]
INFO: [ view_filter ] --END-- [ RunTime:-0.020001s ]
INFO: [ app_end ] --START--
INFO: Run Behavior\ShowPageTraceBehavior [ RunTime:0.001000s ]
INFO: [ app_end ] --END-- [ RunTime:0.001000s ]

